[    0.000000] Initializing cgroup subsys cpuset
[    0.000000] Initializing cgroup subsys cpu
[    0.000000] Initializing cgroup subsys cpuacct
[    0.000000] Linux version 4.4.0-210-generic (buildd@lgw01-amd64-009) (gcc version 5.4.0 20160609 (Ubuntu 5.4.0-6ubuntu1~16.04.12) ) #242-Ubuntu SMP Fri Apr 16 09:57:56 UTC 2021 (Ubuntu 4.4.0-210.242-generic 4.4.262)
[    0.000000] Command line: BOOT_IMAGE=/boot/vmlinuz-4.4.0-210-generic root=LABEL=cloudimg-rootfs ro console=tty1 console=ttyS0
[    0.000000] KERNEL supported cpus:
[    0.000000]   Intel GenuineIntel
[    0.000000]   AMD AuthenticAMD
[    0.000000]   Centaur CentaurHauls
[    0.000000] x86/fpu: xstate_offset[2]:  576, xstate_sizes[2]:  256
[    0.000000] x86/fpu: Supporting XSAVE feature 0x01: 'x87 floating point registers'
[    0.000000] x86/fpu: Supporting XSAVE feature 0x02: 'SSE registers'
[    0.000000] x86/fpu: Supporting XSAVE feature 0x04: 'AVX registers'
[    0.000000] x86/fpu: Enabled xstate features 0x7, context size is 832 bytes, using 'standard' format.
[    0.000000] e820: BIOS-provided physical RAM map:
[    0.000000] BIOS-e820: [mem 0x0000000000000000-0x000000000009fbff] usable
[    0.000000] BIOS-e820: [mem 0x000000000009fc00-0x000000000009ffff] reserved
[    0.000000] BIOS-e820: [mem 0x00000000000f0000-0x00000000000fffff] reserved
[    0.000000] BIOS-e820: [mem 0x0000000000100000-0x000000003ffeffff] usable
[    0.000000] BIOS-e820: [mem 0x000000003fff0000-0x000000003fffffff] ACPI data
[    0.000000] BIOS-e820: [mem 0x00000000fec00000-0x00000000fec00fff] reserved
[    0.000000] BIOS-e820: [mem 0x00000000fee00000-0x00000000fee00fff] reserved
[    0.000000] BIOS-e820: [mem 0x00000000fffc0000-0x00000000ffffffff] reserved
[    0.000000] NX (Execute Disable) protection: active
[    0.000000] SMBIOS 2.5 present.
[    0.000000] Hypervisor detected: KVM
[    0.000000] Kernel/User page tables isolation: disabled
[    0.000000] e820: last_pfn = 0x3fff0 max_arch_pfn = 0x400000000
[    0.000000] MTRR: Disabled
[    0.000000] x86/PAT: MTRRs disabled, skipping PAT initialization too.
[    0.000000] CPU MTRRs all blank - virtualized system.
[    0.000000] x86/PAT: Configuration [0-7]: WB  WT  UC- UC  WB  WT  UC- UC  
[    0.000000] found SMP MP-table at [mem 0x0009fff0-0x0009ffff] mapped at [ffff88000009fff0]
[    0.000000] Scanning 1 areas for low memory corruption
[    0.000000] RAMDISK: [mem 0x362dc000-0x37165fff]
[    0.000000] ACPI: Early table checksum verification disabled
[    0.000000] ACPI: RSDP 0x00000000000E0000 000024 (v02 VBOX  )
[    0.000000] ACPI: XSDT 0x000000003FFF0030 00003C (v01 VBOX   VBOXXSDT 00000001 ASL  00000061)
[    0.000000] ACPI: FACP 0x000000003FFF00F0 0000F4 (v04 VBOX   VBOXFACP 00000001 ASL  00000061)
[    0.000000] ACPI: DSDT 0x000000003FFF0610 002353 (v02 VBOX   VBOXBIOS 00000002 INTL 20100528)
[    0.000000] ACPI: FACS 0x000000003FFF0200 000040
[    0.000000] ACPI: FACS 0x000000003FFF0200 000040
[    0.000000] ACPI: APIC 0x000000003FFF0240 000054 (v02 VBOX   VBOXAPIC 00000001 ASL  00000061)
[    0.000000] ACPI: SSDT 0x000000003FFF02A0 00036C (v01 VBOX   VBOXCPUT 00000002 INTL 20100528)
[    0.000000] No NUMA configuration found
[    0.000000] Faking a node at [mem 0x0000000000000000-0x000000003ffeffff]
[    0.000000] NODE_DATA(0) allocated [mem 0x3ffeb000-0x3ffeffff]
[    0.000000] kvm-clock: Using msrs 4b564d01 and 4b564d00
[    0.000000] kvm-clock: cpu 0, msr 0:3ffe3001, primary cpu clock
[    0.000000] kvm-clock: using sched offset of 2915059433 cycles
[    0.000000] clocksource: kvm-clock: mask: 0xffffffffffffffff max_cycles: 0x1cd42e4dffb, max_idle_ns: 881590591483 ns
[    0.000000] Zone ranges:
[    0.000000]   DMA      [mem 0x0000000000001000-0x0000000000ffffff]
[    0.000000]   DMA32    [mem 0x0000000001000000-0x000000003ffeffff]
[    0.000000]   Normal   empty
[    0.000000]   Device   empty
[    0.000000] Movable zone start for each node
[    0.000000] Early memory node ranges
[    0.000000]   node   0: [mem 0x0000000000001000-0x000000000009efff]
[    0.000000]   node   0: [mem 0x0000000000100000-0x000000003ffeffff]
[    0.000000] Initmem setup node 0 [mem 0x0000000000001000-0x000000003ffeffff]
[    0.000000] ACPI: PM-Timer IO Port: 0x4008
[    0.000000] IOAPIC[0]: apic_id 1, version 32, address 0xfec00000, GSI 0-23
[    0.000000] ACPI: INT_SRC_OVR (bus 0 bus_irq 0 global_irq 2 dfl dfl)
[    0.000000] ACPI: INT_SRC_OVR (bus 0 bus_irq 9 global_irq 9 low level)
[    0.000000] Using ACPI (MADT) for SMP configuration information
[    0.000000] smpboot: Allowing 1 CPUs, 0 hotplug CPUs
[    0.000000] PM: Registered nosave memory: [mem 0x00000000-0x00000fff]
[    0.000000] PM: Registered nosave memory: [mem 0x0009f000-0x0009ffff]
[    0.000000] PM: Registered nosave memory: [mem 0x000a0000-0x000effff]
[    0.000000] PM: Registered nosave memory: [mem 0x000f0000-0x000fffff]
[    0.000000] e820: [mem 0x40000000-0xfebfffff] available for PCI devices
[    0.000000] Booting paravirtualized kernel on KVM
[    0.000000] clocksource: refined-jiffies: mask: 0xffffffff max_cycles: 0xffffffff, max_idle_ns: 7645519600211568 ns
[    0.000000] setup_percpu: NR_CPUS:512 nr_cpumask_bits:512 nr_cpu_ids:1 nr_node_ids:1
[    0.000000] PERCPU: Embedded 33 pages/cpu @ffff88003fc00000 s95192 r8192 d31784 u2097152
[    0.000000] Built 1 zonelists in Node order, mobility grouping on.  Total pages: 257912
[    0.000000] Policy zone: DMA32
[    0.000000] Kernel command line: BOOT_IMAGE=/boot/vmlinuz-4.4.0-210-generic root=LABEL=cloudimg-rootfs ro console=tty1 console=ttyS0
[    0.000000] PID hash table entries: 4096 (order: 3, 32768 bytes)
[    0.000000] Memory: 997924K/1048120K available (8644K kernel code, 1332K rwdata, 4044K rodata, 1492K init, 1164K bss, 50196K reserved, 0K cma-reserved)
[    0.000000] SLUB: HWalign=64, Order=0-3, MinObjects=0, CPUs=1, Nodes=1
[    0.000000] Hierarchical RCU implementation.
[    0.000000] 	Build-time adjustment of leaf fanout to 64.
[    0.000000] 	RCU restricting CPUs from NR_CPUS=512 to nr_cpu_ids=1.
[    0.000000] RCU: Adjusting geometry for rcu_fanout_leaf=64, nr_cpu_ids=1
[    0.000000] NR_IRQS:33024 nr_irqs:256 16
[    0.000000] Console: colour VGA+ 80x25
[    0.000000] console [tty1] enabled
[    0.000000] console [ttyS0] enabled
[    0.000000] tsc: Detected 2495.996 MHz processor
[    0.090646] Calibrating delay loop (skipped) preset value.. 4991.99 BogoMIPS (lpj=9983984)
[    0.091796] pid_max: default: 32768 minimum: 301
[    0.092406] ACPI: Core revision 20150930
[    0.093467] ACPI: 2 ACPI AML tables successfully acquired and loaded
[    0.094417] Security Framework initialized
[    0.094983] Yama: becoming mindful.
[    0.095463] AppArmor: AppArmor initialized
[    0.096036] Dentry cache hash table entries: 131072 (order: 8, 1048576 bytes)
[    0.096967] Inode-cache hash table entries: 65536 (order: 7, 524288 bytes)
[    0.099843] Mount-cache hash table entries: 2048 (order: 2, 16384 bytes)
[    0.100939] Mountpoint-cache hash table entries: 2048 (order: 2, 16384 bytes)
[    0.101862] Initializing cgroup subsys io
[    0.102584] Initializing cgroup subsys memory
[    0.103137] Initializing cgroup subsys devices
[    0.103699] Initializing cgroup subsys freezer
[    0.104265] Initializing cgroup subsys net_cls
[    0.104826] Initializing cgroup subsys perf_event
[    0.105406] Initializing cgroup subsys net_prio
[    0.105968] Initializing cgroup subsys hugetlb
[    0.106540] Initializing cgroup subsys pids
[    0.109901] mce: CPU supports 0 MCE banks
[    0.110483] process: using mwait in idle threads
[    0.111136] Last level iTLB entries: 4KB 0, 2MB 0, 4MB 0
[    0.111931] Last level dTLB entries: 4KB 0, 2MB 0, 4MB 0, 1GB 0
[    0.112616] Spectre V1 : Mitigation: usercopy/swapgs barriers and __user pointer sanitization
[    0.113681] Spectre V2 : Mitigation: Full generic retpoline
[    0.114380] Spectre V2 : Spectre v2 / SpectreRSB mitigation: Filling RSB on context switch
[    0.115398] Speculative Store Bypass: Vulnerable
[    0.132456] Freeing SMP alternatives memory: 36K
[    0.137070] ftrace: allocating 32380 entries in 127 pages
[    0.176659] smpboot: APIC(0) Converting physical 0 to logical package 0
[    0.177453] smpboot: Max logical packages: 1
[    0.178378] x2apic enabled
[    0.178964] Switched APIC routing to physical x2apic.
[    0.180332] ..TIMER: vector=0x30 apic1=0 pin1=2 apic2=-1 pin2=-1
[    0.289118] smpboot: CPU0: 13th Gen Intel(R) Core(TM) i5-1335U (family: 0x6, model: 0xba, stepping: 0x3)
[    0.290522] Performance Events: unsupported p6 CPU model 186 no PMU driver, software events only.
[    0.297898] KVM setup paravirtual spinlock
[    0.298789] x86: Booted up 1 node, 1 CPUs
[    0.299403] smpboot: Total of 1 processors activated (4991.99 BogoMIPS)
[    0.300384] devtmpfs: initialized
[    0.301535] evm: security.selinux
[    0.302049] evm: security.SMACK64
[    0.302541] evm: security.SMACK64EXEC
[    0.303033] evm: security.SMACK64TRANSMUTE
[    0.303559] evm: security.SMACK64MMAP
[    0.304043] evm: security.ima
[    0.304464] evm: security.capability
[    0.304996] clocksource: jiffies: mask: 0xffffffff max_cycles: 0xffffffff, max_idle_ns: 7645041785100000 ns
[    0.306217] futex hash table entries: 256 (order: 2, 16384 bytes)
[    0.306958] pinctrl core: initialized pinctrl subsystem
[    0.307674] RTC time: 11:05:37, date: 03/26/24
[    0.308358] NET: Registered protocol family 16
[    0.309028] cpuidle: using governor ladder
[    0.309602] cpuidle: using governor menu
[    0.310128] PCCT header not found.
[    0.310625] ACPI: bus type PCI registered
[    0.311143] acpiphp: ACPI Hot Plug PCI Controller Driver version: 0.5
[    0.311934] PCI: Using configuration type 1 for base access
[    0.315274] ACPI: Added _OSI(Module Device)
[    0.315853] ACPI: Added _OSI(Processor Device)
[    0.316410] ACPI: Added _OSI(3.0 _SCP Extensions)
[    0.316990] ACPI: Added _OSI(Processor Aggregator Device)
[    0.317993] ACPI: Executed 1 blocks of module-level executable AML code
[    0.319777] ACPI: Interpreter enabled
[    0.320344] ACPI: (supports S0 S5)
[    0.320804] ACPI: Using IOAPIC for interrupt routing
[    0.321484] PCI: Using host bridge windows from ACPI; if necessary, use "pci=nocrs" and report a bug
[    0.324299] ACPI: PCI Root Bridge [PCI0] (domain 0000 [bus 00-ff])
[    0.325048] acpi PNP0A03:00: _OSC: OS supports [ASPM ClockPM Segments MSI]
[    0.325996] acpi PNP0A03:00: _OSC: not requesting OS control; OS requires [ExtendedConfig ASPM ClockPM MSI]
[    0.327213] acpi PNP0A03:00: fail to add MMCONFIG information, can't access extended PCI configuration space under this bridge.
[    0.328725] PCI host bridge to bus 0000:00
[    0.329269] pci_bus 0000:00: root bus resource [io  0x0000-0x0cf7 window]
[    0.330095] pci_bus 0000:00: root bus resource [io  0x0d00-0xffff window]
[    0.330881] pci_bus 0000:00: root bus resource [mem 0x000a0000-0x000bffff window]
[    0.331842] pci_bus 0000:00: root bus resource [mem 0x40000000-0xfdffffff window]
[    0.332819] pci_bus 0000:00: root bus resource [bus 00-ff]
[    0.334497] pci 0000:00:01.1: legacy IDE quirk: reg 0x10: [io  0x01f0-0x01f7]
[    0.335301] pci 0000:00:01.1: legacy IDE quirk: reg 0x14: [io  0x03f6]
[    0.336042] pci 0000:00:01.1: legacy IDE quirk: reg 0x18: [io  0x0170-0x0177]
[    0.336874] pci 0000:00:01.1: legacy IDE quirk: reg 0x1c: [io  0x0376]
[    0.344075] pci 0000:00:07.0: quirk: [io  0x4000-0x403f] claimed by PIIX4 ACPI
[    0.350800] pci 0000:00:07.0: quirk: [io  0x4100-0x410f] claimed by PIIX4 SMB
[    0.355397] ACPI: PCI Interrupt Link [LNKA] (IRQs 5 9 10 *11)
[    0.356430] ACPI: PCI Interrupt Link [LNKB] (IRQs 5 9 *10 11)
[    0.357374] ACPI: PCI Interrupt Link [LNKC] (IRQs 5 *9 10 11)
[    0.358303] ACPI: PCI Interrupt Link [LNKD] (IRQs 5 9 10 *11)
[    0.359256] ACPI: Enabled 2 GPEs in block 00 to 07
[    0.360041] vgaarb: setting as boot device: PCI:0000:00:02.0
[    0.360736] vgaarb: device added: PCI:0000:00:02.0,decodes=io+mem,owns=io+mem,locks=none
[    0.361752] vgaarb: loaded
[    0.362150] vgaarb: bridge control possible 0000:00:02.0
[    0.362939] SCSI subsystem initialized
[    0.363507] ACPI: bus type USB registered
[    0.364061] usbcore: registered new interface driver usbfs
[    0.364713] usbcore: registered new interface driver hub
[    0.365348] usbcore: registered new device driver usb
[    0.366042] PCI: Using ACPI for IRQ routing
[    0.366797] NetLabel: Initializing
[    0.367289] NetLabel:  domain hash size = 128
[    0.367963] NetLabel:  protocols = UNLABELED CIPSOv4
[    0.368589] NetLabel:  unlabeled traffic allowed by default
[    0.369284] amd_nb: Cannot enumerate AMD northbridges
[    0.369938] clocksource: Switched to clocksource kvm-clock
[    0.377242] AppArmor: AppArmor Filesystem Enabled
[    0.377869] pnp: PnP ACPI init
[    0.378734] pnp: PnP ACPI: found 3 devices
[    0.384284] clocksource: acpi_pm: mask: 0xffffff max_cycles: 0xffffff, max_idle_ns: 2085701024 ns
[    0.385419] NET: Registered protocol family 2
[    0.386117] TCP established hash table entries: 8192 (order: 4, 65536 bytes)
[    0.386951] TCP bind hash table entries: 8192 (order: 5, 131072 bytes)
[    0.387705] TCP: Hash tables configured (established 8192 bind 8192)
[    0.388591] UDP hash table entries: 512 (order: 2, 16384 bytes)
[    0.389290] UDP-Lite hash table entries: 512 (order: 2, 16384 bytes)
[    0.390047] NET: Registered protocol family 1
[    0.390641] pci 0000:00:00.0: Limiting direct PCI/PCI transfers
[    0.391357] pci 0000:00:01.0: Activating ISA DMA hang workarounds
[    0.392165] Unpacking initramfs...
[    0.567947] Freeing initrd memory: 14888K
[    0.568681] clocksource: tsc: mask: 0xffffffffffffffff max_cycles: 0x23fa73621d8, max_idle_ns: 440795297715 ns
[    0.569881] platform rtc_cmos: registered platform RTC device (no PNP device found)
[    0.570852] Scanning for low memory corruption every 60 seconds
[    0.571699] audit: initializing netlink subsys (disabled)
[    0.572366] audit: type=2000 audit(1711451141.355:1): initialized
[    0.573187] Initialise system trusted keyring
[    0.573818] HugeTLB registered 2 MB page size, pre-allocated 0 pages
[    0.575083] zbud: loaded
[    0.575665] VFS: Disk quotas dquot_6.6.0
[    0.576194] VFS: Dquot-cache hash table entries: 512 (order 0, 4096 bytes)
[    0.577061] squashfs: version 4.0 (2009/01/31) Phillip Lougher
[    0.577849] fuse init (API version 7.23)
[    0.578439] Key type big_key registered
[    0.578969] Allocating IMA MOK and blacklist keyrings.
[    0.579683] Key type asymmetric registered
[    0.580216] Asymmetric key parser 'x509' registered
[    0.580809] Block layer SCSI generic (bsg) driver version 0.4 loaded (major 249)
[    0.581727] io scheduler noop registered
[    0.582274] io scheduler deadline registered (default)
[    0.582887] io scheduler cfq registered
[    0.583422] pci_hotplug: PCI Hot Plug PCI Core version: 0.5
[    0.584083] pciehp: PCI Express Hot Plug Controller Driver version: 0.4
[    0.584890] ACPI: AC Adapter [AC] (on-line)
[    0.585481] input: Power Button as /devices/LNXSYSTM:00/LNXPWRBN:00/input/input0
[    0.586465] ACPI: Power Button [PWRF]
[    0.587036] input: Sleep Button as /devices/LNXSYSTM:00/LNXSLPBN:00/input/input1
[    0.588010] ACPI: Sleep Button [SLPF]
[    0.588887] ACPI: Battery Slot [BAT0] (battery present)
[    0.589583] GHES: HEST is not enabled!
[    0.590122] Serial: 8250/16550 driver, 32 ports, IRQ sharing enabled
[    0.611168] 00:02: ttyS0 at I/O 0x3f8 (irq = 4, base_baud = 115200) is a 16550A
[    0.615097] Linux agpgart interface v0.103
[    0.616141] loop: module loaded
[    0.616874] scsi host0: ata_piix
[    0.617381] scsi host1: ata_piix
[    0.617856] ata1: PATA max UDMA/33 cmd 0x1f0 ctl 0x3f6 bmdma 0xd000 irq 14
[    0.618645] ata2: PATA max UDMA/33 cmd 0x170 ctl 0x376 bmdma 0xd008 irq 15
[    0.619618] libphy: Fixed MDIO Bus: probed
[    0.620177] tun: Universal TUN/TAP device driver, 1.6
[    0.620788] tun: (C) 1999-2004 Max Krasnyansky <maxk@qualcomm.com>
[    0.621520] PPP generic driver version 2.4.2
[    0.622238] ehci_hcd: USB 2.0 'Enhanced' Host Controller (EHCI) Driver
[    0.623017] ehci-pci: EHCI PCI platform driver
[    0.623596] ehci-platform: EHCI generic platform driver
[    0.624225] ohci_hcd: USB 1.1 'Open' Host Controller (OHCI) Driver
[    0.624940] ohci-pci: OHCI PCI platform driver
[    0.625506] ohci-platform: OHCI generic platform driver
[    0.626145] uhci_hcd: USB Universal Host Controller Interface driver
[    0.627037] i8042: PNP: PS/2 Controller [PNP0303:PS2K,PNP0f03:PS2M] at 0x60,0x64 irq 1,12
[    0.628623] serio: i8042 KBD port at 0x60,0x64 irq 1
[    0.629249] serio: i8042 AUX port at 0x60,0x64 irq 12
[    0.629902] mousedev: PS/2 mouse device common for all mice
[    0.630730] input: AT Translated Set 2 keyboard as /devices/platform/i8042/serio0/input/input2
[    0.632028] rtc_cmos rtc_cmos: rtc core: registered rtc_cmos as rtc0
[    0.632821] rtc_cmos rtc_cmos: alarms up to one day, 114 bytes nvram
[    0.633724] i2c /dev entries driver
[    0.634249] device-mapper: uevent: version 1.0.3
[    0.634841] device-mapper: ioctl: 4.34.0-ioctl (2015-10-28) initialised: dm-devel@redhat.com
[    0.635890] ledtrig-cpu: registered to indicate activity on CPUs
[    0.636760] NET: Registered protocol family 10
[    0.637555] NET: Registered protocol family 17
[    0.638179] Key type dns_resolver registered
[    0.638827] registered taskstats version 1
[    0.639387] Loading compiled-in X.509 certificates
[    0.640257] Loaded X.509 cert 'Build time autogenerated kernel key: cf00e047681d67edb2720680708b7d9498083038'
[    0.641458] zswap: loaded using pool lzo/zbud
[    0.642850] Key type trusted registered
[    0.644482] Key type encrypted registered
[    0.645191] AppArmor: AppArmor sha1 policy hashing enabled
[    0.645844] ima: No TPM chip found, activating TPM-bypass!
[    0.646530] ima: Allocated hash algorithm: sha1
[    0.647254] evm: HMAC attrs: 0x1
[    0.647866]   Magic number: 0:614:75
[    0.648383] rtc_cmos rtc_cmos: setting system clock to 2024-03-26 11:05:37 UTC (1711451137)
[    0.649438] BIOS EDD facility v0.16 2004-Jun-25, 0 devices found
[    0.650359] EDD information not available.
[    0.802006] Freeing unused kernel memory: 1492K
[    0.803415] Write protecting the kernel read-only data: 14336k
[    0.805313] Freeing unused kernel memory: 1584K
[    0.806677] Freeing unused kernel memory: 52K
Loading, please wait...
starting version 229
[    0.817290] random: udevadm: uninitialized urandom read (16 bytes read, 3 bits of entropy available)
[    0.818708] random: systemd-udevd: uninitialized urandom read (16 bytes read, 3 bits of entropy available)
[    0.819957] random: systemd-udevd: uninitialized urandom read (16 bytes read, 3 bits of entropy available)
[    0.821174] random: systemd-udevd: uninitialized urandom read (16 bytes read, 3 bits of entropy available)
[    0.822403] random: systemd-udevd: uninitialized urandom read (16 bytes read, 3 bits of entropy available)
[    0.823955] random: udevadm: uninitialized urandom read (16 bytes read, 3 bits of entropy available)
[    0.827214] random: systemd-udevd: uninitialized urandom read (16 bytes read, 3 bits of entropy available)
[    0.828375] random: systemd-udevd: uninitialized urandom read (16 bytes read, 3 bits of entropy available)
[    0.829507] random: systemd-udevd: uninitialized urandom read (16 bytes read, 3 bits of entropy available)
[    0.831489] random: systemd-udevd: uninitialized urandom read (16 bytes read, 3 bits of entropy available)
[    0.858485] e1000: Intel(R) PRO/1000 Network Driver - version 7.3.21-k8-NAPI
[    0.859408] e1000: Copyright (c) 1999-2006 Intel Corporation.
[    0.862896] Fusion MPT base driver 3.04.20
[    0.863459] Copyright (c) 1999-2008 LSI Corporation
[    0.865937] Fusion MPT SPI Host driver 3.04.20
[    0.874822] AVX2 version of gcm_enc/dec engaged.
[    0.875431] AES CTR mode by8 optimization enabled
[    1.073396] input: ImExPS/2 Generic Explorer Mouse as /devices/platform/i8042/serio1/input/input4
[    1.185361] e1000 0000:00:03.0 eth0: (PCI:33MHz:32-bit) 02:be:82:6b:cc:1d
[    1.186191] e1000 0000:00:03.0 eth0: Intel(R) PRO/1000 Network Connection
[    1.187301] mptbase: ioc0: Initiating bringup
[    1.258762] ioc0: LSI53C1030 A0: Capabilities={Initiator}
[    1.427855] scsi host2: ioc0: LSI53C1030 A0, FwRev=00000000h, Ports=1, MaxQ=256, IRQ=20
[    1.546936] scsi 2:0:0:0: Direct-Access     VBOX     HARDDISK         1.0  PQ: 0 ANSI: 5
[    1.553124] scsi target2:0:0: Beginning Domain Validation
[    1.557430] scsi target2:0:0: Domain Validation skipping write tests
[    1.559042] scsi target2:0:0: Ending Domain Validation
[    1.560521] scsi target2:0:0: asynchronous
[    1.562105] scsi 2:0:1:0: Direct-Access     VBOX     HARDDISK         1.0  PQ: 0 ANSI: 5
[    1.564273] scsi target2:0:1: Beginning Domain Validation
[    1.566653] scsi target2:0:1: Domain Validation skipping write tests
[    1.567529] scsi target2:0:1: Ending Domain Validation
[    1.568269] scsi target2:0:1: asynchronous
[    1.572412] sd 2:0:0:0: Attached scsi generic sg0 type 0
[    1.573319] sd 2:0:0:0: [sda] 83886080 512-byte logical blocks: (42.9 GB/40.0 GiB)
[    1.583633] sd 2:0:1:0: Attached scsi generic sg1 type 0
[    1.584391] sd 2:0:1:0: [sdb] 20480 512-byte logical blocks: (10.5 MB/10.0 MiB)
[    1.585607] sd 2:0:1:0: [sdb] Write Protect is off
[    1.597509] sd 2:0:1:0: [sdb] Incomplete mode parameter data
[    1.598352] sd 2:0:1:0: [sdb] Assuming drive cache: write through
[    1.603648] sd 2:0:0:0: [sda] Write Protect is off
[    1.608083] sd 2:0:0:0: [sda] Incomplete mode parameter data
[    1.608798] sd 2:0:0:0: [sda] Assuming drive cache: write through
[    1.632434]  sda: sda1
[    1.648297] sd 2:0:0:0: [sda] Attached SCSI disk
[    1.649058] sd 2:0:1:0: [sdb] Attached SCSI disk
[    1.889033] e1000 0000:00:08.0 eth1: (PCI:33MHz:32-bit) 08:00:27:08:35:e9
[    1.889995] e1000 0000:00:08.0 eth1: Intel(R) PRO/1000 Network Connection
[    1.891250] e1000 0000:00:08.0 enp0s8: renamed from eth1
[    1.892525] e1000 0000:00:03.0 enp0s3: renamed from eth0
Begin: Loading essential drivers ... [    3.074663] md: linear personality registered for level -1
[    3.076626] md: multipath personality registered for level -4
[    3.078457] md: raid0 personality registered for level 0
[    3.080716] md: raid1 personality registered for level 1
[    3.149963] raid6: sse2x1   gen() 22852 MB/s
[    3.218003] raid6: sse2x1   xor() 14562 MB/s
[    3.285991] raid6: sse2x2   gen() 29516 MB/s
[    3.353946] raid6: sse2x2   xor() 17294 MB/s
[    3.421994] raid6: sse2x4   gen() 31524 MB/s
[    3.489995] raid6: sse2x4   xor() 10070 MB/s
[    3.557955] raid6: avx2x1   gen() 42994 MB/s
[    3.625996] raid6: avx2x2   gen() 43047 MB/s
[    3.693995] raid6: avx2x4   gen() 43896 MB/s
[    3.694638] raid6: using algorithm avx2x4 gen() 43896 MB/s
[    3.695295] raid6: using avx2x2 recovery algorithm
[    3.696852] xor: automatically using best checksumming function:
[    3.733993]    avx       : 29777.000 MB/sec
[    3.735398] async_tx: api initialized (async)
[    3.741506] md: raid6 personality registered for level 6
[    3.742218] md: raid5 personality registered for level 5
[    3.742852] md: raid4 personality registered for level 4
[    3.746097] md: raid10 personality registered for level 10
done.
Begin: Running /scripts/init-premount ... done.
Begin: Mounting root file system ... Begin: Running /scripts/local-top ... done.
Begin: Running /scripts/local-premount ... [    3.763595] Btrfs loaded
Scanning for Btrfs filesystems
done.
Warning: fsck not present, so skipping root file system
[    3.780516] EXT4-fs (sda1): mounted filesystem with ordered data mode. Opts: (null)
done.
Begin: Running /scripts/local-bottom ... done.
Begin: Running /scripts/init-bottom ... done.
[    3.825551] systemd[1]: systemd 229 running in system mode. (+PAM +AUDIT +SELINUX +IMA +APPARMOR +SMACK +SYSVINIT +UTMP +LIBCRYPTSETUP +GCRYPT +GNUTLS +ACL +XZ -LZ4 +SECCOMP +BLKID +ELFUTILS +KMOD -IDN)
[    3.828068] systemd[1]: Detected virtualization oracle.
[    3.828698] systemd[1]: Detected architecture x86-64.

Welcome to [1mUbuntu 16.04.7 LTS[0m!

[    3.830780] systemd[1]: Set hostname to <ubuntu>.
[    3.832516] systemd[1]: Initializing machine ID from random generator.
[    3.833359] systemd[1]: Installed transient /etc/machine-id file.
[    3.887951] systemd[1]: Listening on LVM2 poll daemon socket.
[[0;32m  OK  [0m] Listening on LVM2 poll daemon socket.
[    3.889235] systemd[1]: Listening on LVM2 metadata daemon socket.
[[0;32m  OK  [0m] Listening on LVM2 metadata daemon socket.
[    3.890448] systemd[1]: Listening on udev Kernel Socket.
[[0;32m  OK  [0m] Listening on udev Kernel Socket.
[    3.891532] systemd[1]: Reached target Encrypted Volumes.
[[0;32m  OK  [0m] Reached target Encrypted Volumes.
[    3.892639] systemd[1]: Listening on /dev/initctl Compatibility Named Pipe.
[[0;32m  OK  [0m] Listening on /dev/initctl Compatibility Named Pipe.
[    3.894140] systemd[1]: Set up automount Arbitrary Executable File Formats File System Automount Point.
[[0;32m  OK  [0m] Set up automount Arbitrary Executab...ats File System Automount Point.
[    3.896220] systemd[1]: Created slice System Slice.
[[0;32m  OK  [0m] Created slice System Slice.
[    3.897682] systemd[1]: Created slice system-serial\x2dgetty.slice.
[[0;32m  OK  [0m] Created slice system-serial\x2dgetty.slice.
[    3.898996] systemd[1]: Listening on Device-mapper event daemon FIFOs.
[[0;32m  OK  [0m] Listening on Device-mapper event daemon FIFOs.
[    3.900300] systemd[1]: Started Forward Password Requests to Wall Directory Watch.
[[0;32m  OK  [0m] Started Forward Password Requests to Wall Directory Watch.
[    3.901824] systemd[1]: Reached target Swap.
[[0;32m  OK  [0m] Reached target Swap.
[    3.902766] systemd[1]: Started Trigger resolvconf update for networkd DNS.
[[0;32m  OK  [0m] Started Trigger resolvconf update for networkd DNS.
[    3.904196] systemd[1]: Listening on fsck to fsckd communication Socket.
[[0;32m  OK  [0m] Listening on fsck to fsckd communication Socket.
[    3.905490] systemd[1]: Reached target System Time Synchronized.
[[0;32m  OK  [0m] Reached target System Time Synchronized.
[    3.906787] systemd[1]: Created slice User and Session Slice.
[[0;32m  OK  [0m] Created slice User and Session Slice.
[    3.907952] systemd[1]: Reached target Slices.
[[0;32m  OK  [0m] Reached target Slices.
[    3.908932] systemd[1]: Listening on Journal Socket.
[[0;32m  OK  [0m] Listening on Journal Socket.
[    3.915288] systemd[1]: Starting Load Kernel Modules...
         Starting Load Kernel Modules...
[    3.916660] systemd[1]: Starting Set console keymap...
         Starting Set console keymap...
[    3.918323] systemd[1]: Starting Uncomplicated firewall...
         Starting Uncomplicated firewall...
[    3.921179] systemd[1]: Mounting POSIX Message Queue File System...
[    3.923746] Loading iSCSI transport class v2.0-870.
         Mounting POSIX Message Queue File System...
[    3.927482] systemd[1]: Starting File System Check on Root Device...
         Starting File System Check on Root Device...
[    3.934471] systemd[1]: Mounting Huge Pages File System...
         Mounting Huge Pages File System...
[    3.936895] systemd[1]: Starting Monitoring of LVM2 mirrors, snapshots etc. using dmeventd or progress polling...
         Starting Monitoring of LVM2 mirrors... dmeventd or progress polling...
[    3.939972] systemd[1]: Mounting Debug File System...
         Mounting Debug File System...
[    3.943056] systemd[1]: Starting Create list of required static device nodes for the current kernel...
         Starting Create list of required st... nodes for the current kernel...
[    3.948892] systemd[1]: Listening on Journal Audit Socket.
[[0;32m  OK  [0m] Listening on Journal Audit Socket.
[    3.950823] systemd[1]: Listening on udev Control Socket.
[[0;32m  OK  [0m] Listening on udev Control Socket.
[    3.953279] systemd[1]: Listening on Journal Socket (/dev/log).
[[0;32m  OK  [0m] Listening on Journal Socket (/dev/log).
[    3.956076] systemd[1]: Starting Nameserver information manager...
         Starting Nameserver information manager...
[    3.957926] iscsi: registered transport (tcp)
[    3.962040] systemd[1]: Listening on Syslog Socket.
[[0;32m  OK  [0m] Listening on Syslog Socket.
[    3.963605] systemd[1]: Starting Journal Service...
         Starting Journal Service...
[    3.964896] systemd[1]: Reached target User and Group Name Lookups.
[[0;32m  OK  [0m] Reached target User and Group Name Lookups.
[    3.967004] systemd[1]: Mounted Huge Pages File System.
[[0;32m  OK  [0m] Mounted Huge Pages File System.
[    3.968173] systemd[1]: Mounted POSIX Message Queue File System.
[[0;32m  OK  [0m] Mounted POSIX Message Queue File System.
[    3.969551] systemd[1]: Mounted Debug File System.
[[0;32m  OK  [0m] Mounted Debug File System.
[    3.972104] systemd[1]: Started Uncomplicated firewall.
[[0;32m  OK  [0m] Started Uncomplicated firewall.
[    3.976164] systemd[1]: Started File System Check on Root Device.
[[0;32m  OK  [0m] Started File System Check on Root Device.
[    3.977707] systemd[1]: Started Create list of required static device nodes for the current kernel.
[[0;32m  OK  [0m] Started Create list of required sta...ce nodes for the current kernel.
[    3.984027] systemd[1]: Started LVM2 metadata daemon.
[[0;32m  OK  [0m] Started LVM2 metadata daemon.
[    3.988280] systemd[1]: Started File System Check Daemon to report status.
[[0;32m  OK  [0m] Started File System Check Daemon to report status.
[    3.994980] systemd[1]: Starting Create Static Device Nodes in /dev...
         Starting Create Static Device Nodes in /dev...
[    3.996558] systemd[1]: Starting Remount Root and Kernel File Systems...
         Starting Remount Root and Kernel File Systems...
[    3.999306] systemd[1]: Started Journal Service.
[[0;32m  OK  [0m] Started Journal Service.
[[0;32m  OK  [0m] Started Nameserver information manager.
[    4.005207] EXT4-fs (sda1): re-mounted. Opts: (null)
[[0;32m  OK  [0m] Started Remount Root and Kernel File Systems.
         Starting Load/Save Random Seed...
         Starting Flush Journal to Persistent Storage...
         Starting udev Coldplug all Devices...
[[0;32m  OK  [0m] Started Load/Save Random Seed.
[[0;32m  OK  [0m] Started Create Static Device Nodes in /dev.
         Starting udev Kernel Device Manager...
[[0;32m  OK  [0m] Started Set console keymap.
[    4.037761] systemd-journald[400]: Received request to flush runtime journal from PID 1
[[0;32m  OK  [0m] Started Flush Journal to Persistent Storage.
[[0;32m  OK  [0m] Started udev Kernel Device Manager.
[    4.047544] iscsi: registered transport (iser)
[[0;32m  OK  [0m] Started Load Kernel Modules.
         Mounting FUSE Control File System...
         Starting Apply Kernel Variables...
[[0;32m  OK  [0m] Mounted FUSE Control File System.
[[0;32m  OK  [0m] Started Apply Kernel Variables.
[[0;32m  OK  [0m] Started udev Coldplug all Devices.
[[0;32m  OK  [0m] Started Dispatch Password Requests to Console Directory Watch.
[[0;32m  OK  [0m] Found device /dev/ttyS0.
[[0;32m  OK  [0m] Listening on Load/Save RF Kill Switch Status /dev/rfkill Watch.
[[0;32m  OK  [0m] Started Monitoring of LVM2 mirrors,...ng dmeventd or progress polling.
[[0;32m  OK  [0m] Reached target Local File Systems (Pre).
[[0;32m  OK  [0m] Reached target Local File Systems.
         Starting Create Volatile Files and Directories...
         Starting LSB: AppArmor initialization...
         Starting Initial cloud-init job (pre-networking)...
         Starting Set console font and keymap...
         Starting Commit a transient machine-id on disk...
         Starting Tell Plymouth To Write Out Runtime Data...
[[0;32m  OK  [0m] Started Create Volatile Files and Directories.
         Starting Update UTMP about System Boot/Shutdown...
[[0;32m  OK  [0m] Started Commit a transient machine-id on disk.
[[0;32m  OK  [0m] Started Update UTMP about System Boot/Shutdown.
[[0;32m  OK  [0m] Started Tell Plymouth To Write Out Runtime Data.
[    5.112784] cloud-init[597]: Cloud-init v. 21.1-19-gbad84ad4-0ubuntu1~16.04.2 running 'init-local' at Tue, 26 Mar 2024 11:05:41 +0000. Up 4.83 seconds.
[[0;32m  OK  [0m] Started Initial cloud-init job (pre-networking).
[[0;32m  OK  [0m] Reached target Network (Pre).
[[0;32m  OK  [0m] Started Set console font and keymap.
[[0;32m  OK  [0m] Created slice system-getty.slice.
[[0;32m  OK  [0m] Started LSB: AppArmor initialization.
         Starting Raise network interfaces...
         Starting Load AppArmor profiles managed internally by snapd...
[[0;32m  OK  [0m] Started Load AppArmor profiles managed internally by snapd.
[[0;32m  OK  [0m] Started Raise network interfaces.
         Starting Initial cloud-init job (metadata service crawler)...
[[0;32m  OK  [0m] Reached target Network.
[    5.681647] cloud-init[959]: Cloud-init v. 21.1-19-gbad84ad4-0ubuntu1~16.04.2 running 'init' at Tue, 26 Mar 2024 11:05:42 +0000. Up 5.44 seconds.
[    5.682470] cloud-init[959]: ci-info: ++++++++++++++++++++++++++++++++++++++Net device info+++++++++++++++++++++++++++++++++++++++
[    5.683273] cloud-init[959]: ci-info: +--------+-------+----------------------------+---------------+--------+-------------------+
[    5.684066] cloud-init[959]: ci-info: | Device |   Up  |          Address           |      Mask     | Scope  |     Hw-Address    |
[    5.684830] cloud-init[959]: ci-info: +--------+-------+----------------------------+---------------+--------+-------------------+
[    5.688185] cloud-init[959]: ci-info: | enp0s3 |  True |         10.0.2.15          | 255.255.255.0 | global | 02:be:82:6b:cc:1d |
[    5.688926] cloud-init[959]: ci-info: | enp0s3 |  True | fe80::be:82ff:fe6b:cc1d/64 |       .       |  link  | 02:be:82:6b:cc:1d |
[    5.689718] cloud-init[959]: ci-info: | enp0s8 | False |             .              |       .       |   .    | 08:00:27:08:35:e9 |
[    5.692114] cloud-init[959]: ci-info: |   lo   |  True |         127.0.0.1          |   255.0.0.0   |  host  |         .         |
[    5.692838] cloud-init[959]: ci-info: |   lo   |  True |          ::1/128           |       .       |  host  |         .         |
[    5.696214] cloud-init[959]: ci-info: +--------+-------+----------------------------+---------------+--------+-------------------+
[    5.696967] cloud-init[959]: ci-info: +++++++++++++++++++++++++++Route IPv4 info++++++++++++++++++++++++++++
[    5.697645] cloud-init[959]: ci-info: +-------+-------------+----------+---------------+-----------+-------+
[    5.698305] cloud-init[959]: ci-info: | Route | Destination | Gateway  |    Genmask    | Interface | Flags |
[    5.700166] cloud-init[959]: ci-info: +-------+-------------+----------+---------------+-----------+-------+
[    5.704239] cloud-init[959]: ci-info: |   0   |   0.0.0.0   | 10.0.2.2 |    0.0.0.0    |   enp0s3  |   UG  |
[    5.704915] cloud-init[959]: ci-info: |   1   |   10.0.2.0  | 0.0.0.0  | 255.255.255.0 |   enp0s3  |   U   |
[    5.705609] cloud-init[959]: ci-info: +-------+-------------+----------+---------------+-----------+-------+
[    5.706286] cloud-init[959]: ci-info: +++++++++++++++++++Route IPv6 info+++++++++++++++++++
[    5.706907] cloud-init[959]: ci-info: +-------+-------------+---------+-----------+-------+
[    5.708172] cloud-init[959]: ci-info: | Route | Destination | Gateway | Interface | Flags |
[    5.712322] cloud-init[959]: ci-info: +-------+-------------+---------+-----------+-------+
[    5.712962] cloud-init[959]: ci-info: |   0   |  fe80::/64  |    ::   |   enp0s3  |   U   |
[    5.713770] cloud-init[959]: ci-info: |   3   |   ff00::/8  |    ::   |   enp0s3  |   U   |
[    5.714579] cloud-init[959]: ci-info: +-------+-------------+---------+-----------+-------+
[    5.715383] cloud-init[959]: Generating public/private rsa key pair.
[    5.719616] cloud-init[959]: Your identification has been saved in /etc/ssh/ssh_host_rsa_key.
[    5.720450] cloud-init[959]: Your public key has been saved in /etc/ssh/ssh_host_rsa_key.pub.
[    5.721264] cloud-init[959]: The key fingerprint is:
[    5.721869] cloud-init[959]: SHA256:rCxbP2hYMZgSS8m6dovBPIqKookE2LnVvdNdzclJCTA root@ubuntu-xenial
[    5.722711] cloud-init[959]: The key's randomart image is:
[[0;32m  OK  [0m] Started Initial cloud-init job (metadata service crawler).
[[0;32m  OK  [0m] Reached target Cloud-config availability.
[[0;32m  OK  [0m] Reached target Network is Online.
         Starting iSCSI initiator daemon (iscsid)...
[[0;32m  OK  [0m] Reached target System Initialization.
[    5.727179] cloud-init[959]: +---[RSA 2048]----+
[    5.727859] cloud-init         Starting LXD - unix socket.
[[0;32m  OK  [0m] Listening on UUID daemon activation socket.
[[0;32m  OK  [0m] Started Message of the Day.
[[0;32m  OK  [0m] Started Daily apt download activities.
[959]: | . .       E..   |
[    5.731991] cloud-init[959]: |  =         . . .|
[    5.733093] cloud-init[959]: | o o o         o |
[[0;32m  OK  [0m] Started ACPI Events Check.
[[0;32m  OK  [0m] Reached target Paths.
[[0;32m  OK  [0m] Started Daily apt upgrade and clean activities.
         Starting Socket activation for snappy daemon.
[    5.735183] cloud-init[959]: |o.o.o.oo      ooo|
[[0;32m  OK  [0m] Listening on ACPID Listen Socket.
[    5.738231] cloud-init[959]: |=.o.. .oS     .+o|
[[0;32m  OK  [0m] Listening on D-Bus System Message Bus Socket.
[    5.739444] cloud-init[959]: |o* + ... o . .   |
[    5.740267] cloud-init[959]: |+.* oo+.o . .    |
[    5.740758] cloud-init[959]: |Bo ..+o...       |
[[0;32m  OK  [0m] Started Daily Cleanup of Temporary Directories.
[    5.741934] cloud-init[959]: |X   ..  ..       |
[[0;32m  OK  [0m] Started Ubuntu Advantage update messaging.
[    5.743152] cloud-init[959]: +----[SHA256]-----+
[[0;32m  OK  [0m] Reached target Timers.[    5.744132] cloud-init[959]: Generating public/private dsa key pair.
[    5.744313] cloud-init[959]: Your identification has been saved in /etc/ssh/ssh_host_dsa_key.
[    5.745130] cloud-init[959]: Your public key has been saved in /etc/ssh/ssh_host_dsa_key.pub.
[    5.745787] cloud-init[959]: The key fingerprint is:
[    5.746215] cloud-init[959]: SHA256:KdRNSLFgmbHHel43n0AvTWwWt1BlrRNjRGRyUoXbUSU root@ubuntu-xenial
[    5.746894] cloud-init[959]: The key's randomart image is:
[    5.747356] cloud-init[959]: +---[DSA 1024]----+
[    5.747768] cloud-init[959]: |      +=oo. o*E+%|
[[0;32m  OK  [0m] Listening on LXD - unix socket.
[[0;32m  OK  [0m] Listening on Socket activation for snappy daemon.
[[0;32m  OK  [0m] Reached target Sockets.
[[0;32m  OK  [0m] Reached target Basic System.
[[0;32m  OK  [0m] Started FUSE filesystem for LXC.
         Starting Accounts Service...
         Starting LSB: MD monitoring daemon...
[    5.752526] cloud-init[959]: |     .o=.+   ***o|
[    5.752943] cloud-init[959]: |      o = . ..=B.|
[    5.753358] cloud-init[959]: |     . o . . *+ .|
[    5.753771] cloud-init[959]: |      o S . = o. |
[    5.754188] cloud-init[959]: |       + . . = . |
[    5.754598] cloud-init[959]: |        .     o  |
[    5.755012] cloud-init[959]: |                 |
[    5.755423] cloud-init[959]: |                 |
[    5.755835] cloud-init
[[0;32m  OK  [0m] Started Deferred execution scheduler.
         Starting Snap Daemon...
         Starting /etc/rc.local Compatibility...
         Starting System Logging Service...
         Starting Pollinate to seed the pseudo random number generator...
[[0;32m  OK  [0m] Started D-Bus System Message Bus.
[959]: +----[SHA256]-----+
[    5.785671] cloud-init[959]: Generating public/private ecdsa key pair.
[    5.787065] cloud-init[959]: Your identification has been saved in /etc/ssh/ssh_host_ecdsa_key.
[    5.790834] cloud-init         Starting LSB: Record successful boot for GRUB...
         Starting Virtualbox guest utils...
[[0;32m  OK  [0m] Started ACPI event daemon.
         Starting Login Service...
[959]: [[0;32m  OK  [0m] Started Regular background program processing daemon.
         Starting LXD - container startup/shutdown...
[[0;32m  OK  [0m] Started System Logging Service.
[[0;32m  OK  [0m] Started iSCSI initiator daemon (iscsid).
[[0;32m  OK  [0m] Started /etc/rc.local Compatibility.
Your public key has been saved in /etc/ssh/ssh_host_ecdsa_key.pub.
         Starting Login to default iSCSI targets...
[[0;32m  OK  [0m] Started LSB: MD monitoring daemon.
[[0;32m  OK  [0m] Started Login to default iSCSI targets.
[[0;32m  OK  [0m] Started Login Service.
[[    5.830545] cloud-init[959]: The key fingerprint is:
[    5.841378] cloud-init[959]: SHA256:cUQXEUt0Li/aBC7XmLiBaL8kiCPN3VNOjrgLEL6lTNc root@ubuntu-xenial
[    5.842074] cloud-init[959]: The key's randomart image is:
[    5.842542] cloud-init[959]: +---[ECDSA 256]---+
[    5.842589] cloud-init[959]: |         .o.B+.  |
[    5.842603] cloud-init[959]: |         . o +   |
[    5.842617] cloud-init[959]: |.       . o o .  |
[    5.842635] cloud-init[959]: |..  .. . = = o   |
[    5.842649] cloud-init[959]: |.o ooE. S = + .  |
[    5.842662] cloud-init[959]: |o==+ + * = + .   |
[    5.842675] cloud-init[959]: |++= + * + . .    |
[    5.842687] cloud-init[959]: |.. . + o         |
[    5.843535] cloud-init[959]: |    o..          |
[    5.843549] cloud-init[959]: +----[SHA256]-----+
[    5.843562] cloud-init[959]: Generating public/private ed25519 key pair.
[    5.843575] cloud-init[959]: Your identification has been saved in /etc/ssh/ssh_host_ed25519_key.
[    5.843588] cloud-init[959]: Your public key has been saved in /etc/ssh/ssh_host_ed25519_key.pub.
[    5.843601] cloud-init[959]: The key fingerprint is:
[    5.843613] cloud-init[959]: SHA256:i83mUVSGK4t6RqZ9DTSui1hSxj0LibuaeHRLpWnlcXk root@ubuntu-xenial
[    5.843627] cloud-init[959]: The key's randomart image is:
[0;32m  OK  [0m] Started Unattended Upgrades Shutdown.
         Starting Authenticate and Authorize Users to Run Privileged Tasks...
[[0;32m  OK  [0m] Reached target Remote File Systems (Pre).
[[0;32m  OK  [0m] Reached target Remote File Systems.
         Starting LSB: daemon to balance interrupts for SMP systems...
         Starting LSB: automatic crash report generation...
         Starting LSB: Set the CPU Frequency Scaling governor to "ondemand"...
         Starting Permit User Sessions...
[[0;32m  OK  [0m] Started Permit User Sessions.
         Starting Terminate Plymouth Boot Screen...
         Starting Hold until boot process finishes up...
[[0;32m  OK  [0m] Started Hold until boot process finishes up.
[[0;32m  OK  [0m] Started Serial Getty on ttyS0.
         Starting Set console scheme...
[[0;32m  OK  [0m] Started Getty on tty1.
[[0;32m  OK  [0m] Reached target Login Prompts.
[[0;32m  OK  [0m] Started Terminate Plymouth Boot Screen.
[[0;32m  OK  [0m] Started Set console scheme.
[[0;32m  OK  [0m] Started LSB: Record successful boot for GRUB.
[[0;32m  OK  [0m] Started Authenticate and Authorize Users to Run Privileged Tasks.
[[0;32m  OK  [0m] Started Accounts Service.
[[0;32m  OK  [0m] Started LSB: automatic crash report generation.
[[0;32m  OK  [0m] Started LSB: Set the CPU Frequency Scaling governor to "ondemand".
[    5.914737] cloud-init[959]: +--[ED25519 256]--+
[    5.921063] cloud-init[959]: |           .o    |
[    5.922719] cloud-init[959]: |          .o     |
[    5.925816] cloud-init[959]: |         ...     |
[    5.928311] cloud-init[959]: |   o o+ *.E      |
[    5.931628] cloud-init[959]: |  . **o*S=.      |
[[0;32m  OK  [0m] Started LSB: daemon to balance interrupts for SMP systems.
[    5.936595] cloud-init[959]: |  .+*.=*+o       |
[    5.941152] cloud-init[959]: | .o+.Bo.*o       |
[    5.944176] cloud-init[959]: |...=+.=o...      |
[    5.952070] cloud-init[959]: |+oo .o.o.        |
[    5.952773] cloud-init[959]: +----[SHA256]-----+
[[0;32m  OK  [0m] Started LXD - container startup/shutdown.
[[0;32m  OK  [0m] Started Virtualbox guest utils.
[[0;32m  OK  [0m] Started Snap Daemon.
         Starting Wait until snapd is fully seeded...
[[0;32m  OK  [0m] Started Pollinate to seed the pseudo random number generator.
         Starting OpenBSD Secure Shell server...
[[0;32m  OK  [0m] Started OpenBSD Secure Shell server.
[[0;32m  OK  [0m] Started Wait until snapd is fully seeded.
         Starting Apply the settings specified in cloud-config...
[[0;32m  OK  [0m] Reached target Multi-User System.
[[0;32m  OK  [0m] Reached target Graphical Interface.
         Starting Update UTMP about System Runlevel Changes...
[[0;32m  OK  [0m] Started Update UTMP about System Runlevel Changes.
[    7.809379] cloud-init[1310]: Generating locales (this might take a while)...
[    8.212345] cloud-init[1310]:   en_US.UTF-8... done
[    8.213481] cloud-init[1310]: Generation complete.
[    8.342169] cloud-init[1310]: Cloud-init v. 21.1-19-gbad84ad4-0ubuntu1~16.04.2 running 'modules:config' at Tue, 26 Mar 2024 11:05:44 +0000. Up 7.75 seconds.
[[0;32m  OK  [0m] Started Apply the settings specified in cloud-config.
         Starting Execute cloud user/final scripts...
ci-info: no authorized SSH keys fingerprints found for user ubuntu.
<14>Mar 26 11:05:45 ec2: 
<14>Mar 26 11:05:45 ec2: #############################################################
<14>Mar 26 11:05:45 ec2: -----BEGIN SSH HOST KEY FINGERPRINTS-----
<14>Mar 26 11:05:45 ec2: 1024 SHA256:KdRNSLFgmbHHel43n0AvTWwWt1BlrRNjRGRyUoXbUSU root@ubuntu-xenial (DSA)
<14>Mar 26 11:05:45 ec2: 256 SHA256:cUQXEUt0Li/aBC7XmLiBaL8kiCPN3VNOjrgLEL6lTNc root@ubuntu-xenial (ECDSA)
<14>Mar 26 11:05:45 ec2: 256 SHA256:i83mUVSGK4t6RqZ9DTSui1hSxj0LibuaeHRLpWnlcXk root@ubuntu-xenial (ED25519)
<14>Mar 26 11:05:45 ec2: 2048 SHA256:rCxbP2hYMZgSS8m6dovBPIqKookE2LnVvdNdzclJCTA root@ubuntu-xenial (RSA)
<14>Mar 26 11:05:45 ec2: -----END SSH HOST KEY FINGERPRINTS-----
<14>Mar 26 11:05:45 ec2: #############################################################
-----BEGIN SSH HOST KEY KEYS-----
ecdsa-sha2-nistp256 AAAAE2VjZHNhLXNoYTItbmlzdHAyNTYAAAAIbmlzdHAyNTYAAABBBNYefxRcFWCq5PpwLgqgn9hLGGkwHXMXSDZMVmLNi83FVe+4I3CY1xN0U/YsEmAwSmFRN9QCUnN82BfRW0NltJk= root@ubuntu-xenial
ssh-ed25519 AAAAC3NzaC1lZDI1NTE5AAAAIDq5OyUD/2vm+CTBM3BalA5omq3jauNhHg0JUXPTjPLd root@ubuntu-xenial
ssh-rsa AAAAB3NzaC1yc2EAAAADAQABAAABAQC6ldCjjEE67g9KD3ntiuYgLOBiWT+CqqTlRfepMyd1qGNoDu2dJuEqa/bfzuZUzzr40X1WBu/0dtVa1/Qbyv2EHEfEn54L+m1T+Yf975vr2FDlg4/C2zsWfGkvZYQLtN0v7WYtm48nO/rn22zkj1idIU5C1bA8aCVw8bbhpNQczo/X3IRNT7Kx4NqZoO3iuz5b7TSoGT4F/eysq3fiuUa82om0TspCeErRD2Mb9doocsXVl15WXaPg1XGH0lCWMp4AbWBqfUxX5QsesrpgxG43stbhn5001VHmD7ohIcVxDMc66cQ/Y+JB39IBuFJQHXh8QvDCZYTjEp9sRLEKPms1 root@ubuntu-xenial
-----END SSH HOST KEY KEYS-----
[    8.544649] cloud-init[1355]: Cloud-init v. 21.1-19-gbad84ad4-0ubuntu1~16.04.2 running 'modules:final' at Tue, 26 Mar 2024 11:05:45 +0000. Up 8.47 seconds.
[    8.545571] cloud-init[1355]: ci-info: no authorized SSH keys fingerprints found for user ubuntu.
[    8.546293] cloud-init[1355]: Cloud-init v. 21.1-19-gbad84ad4-0ubuntu1~16.04.2 finished at Tue, 26 Mar 2024 11:05:45 +0000. Datasource DataSourceNoCloud [seed=/dev/sdb][dsmode=net].  Up 8.54 seconds
[[0;32m  OK  [0m] Started Execute cloud user/final scripts.
[[0;32m  OK  [0m] Reached target Cloud-init target.

Ubuntu 16.04.7 LTS ubuntu-xenial ttyS0

ubuntu-xenial login: 