[    0.000000] Initializing cgroup subsys cpuset
[    0.000000] Initializing cgroup subsys cpu
[    0.000000] Initializing cgroup subsys cpuacct
[    0.000000] Linux version 4.4.0-210-generic (buildd@lgw01-amd64-009) (gcc version 5.4.0 20160609 (Ubuntu 5.4.0-6ubuntu1~16.04.12) ) #242-Ubuntu SMP Fri Apr 16 09:57:56 UTC 2021 (Ubuntu 4.4.0-210.242-generic 4.4.262)
[    0.000000] Command line: BOOT_IMAGE=/boot/vmlinuz-4.4.0-210-generic root=LABEL=cloudimg-rootfs ro console=tty1 console=ttyS0
[    0.000000] KERNEL supported cpus:
[    0.000000]   Intel GenuineIntel
[    0.000000]   AMD AuthenticAMD
[    0.000000]   Centaur CentaurHauls
[    0.000000] x86/fpu: xstate_offset[2]:  576, xstate_sizes[2]:  256
[    0.000000] x86/fpu: Supporting XSAVE feature 0x01: 'x87 floating point registers'
[    0.000000] x86/fpu: Supporting XSAVE feature 0x02: 'SSE registers'
[    0.000000] x86/fpu: Supporting XSAVE feature 0x04: 'AVX registers'
[    0.000000] x86/fpu: Enabled xstate features 0x7, context size is 832 bytes, using 'standard' format.
[    0.000000] e820: BIOS-provided physical RAM map:
[    0.000000] BIOS-e820: [mem 0x0000000000000000-0x000000000009fbff] usable
[    0.000000] BIOS-e820: [mem 0x000000000009fc00-0x000000000009ffff] reserved
[    0.000000] BIOS-e820: [mem 0x00000000000f0000-0x00000000000fffff] reserved
[    0.000000] BIOS-e820: [mem 0x0000000000100000-0x000000003ffeffff] usable
[    0.000000] BIOS-e820: [mem 0x000000003fff0000-0x000000003fffffff] ACPI data
[    0.000000] BIOS-e820: [mem 0x00000000fec00000-0x00000000fec00fff] reserved
[    0.000000] BIOS-e820: [mem 0x00000000fee00000-0x00000000fee00fff] reserved
[    0.000000] BIOS-e820: [mem 0x00000000fffc0000-0x00000000ffffffff] reserved
[    0.000000] NX (Execute Disable) protection: active
[    0.000000] SMBIOS 2.5 present.
[    0.000000] Hypervisor detected: KVM
[    0.000000] Kernel/User page tables isolation: disabled
[    0.000000] e820: last_pfn = 0x3fff0 max_arch_pfn = 0x400000000
[    0.000000] MTRR: Disabled
[    0.000000] x86/PAT: MTRRs disabled, skipping PAT initialization too.
[    0.000000] CPU MTRRs all blank - virtualized system.
[    0.000000] x86/PAT: Configuration [0-7]: WB  WT  UC- UC  WB  WT  UC- UC  
[    0.000000] found SMP MP-table at [mem 0x0009fff0-0x0009ffff] mapped at [ffff88000009fff0]
[    0.000000] Scanning 1 areas for low memory corruption
[    0.000000] RAMDISK: [mem 0x362dc000-0x37165fff]
[    0.000000] ACPI: Early table checksum verification disabled
[    0.000000] ACPI: RSDP 0x00000000000E0000 000024 (v02 VBOX  )
[    0.000000] ACPI: XSDT 0x000000003FFF0030 00003C (v01 VBOX   VBOXXSDT 00000001 ASL  00000061)
[    0.000000] ACPI: FACP 0x000000003FFF00F0 0000F4 (v04 VBOX   VBOXFACP 00000001 ASL  00000061)
[    0.000000] ACPI: DSDT 0x000000003FFF0610 002353 (v02 VBOX   VBOXBIOS 00000002 INTL 20100528)
[    0.000000] ACPI: FACS 0x000000003FFF0200 000040
[    0.000000] ACPI: FACS 0x000000003FFF0200 000040
[    0.000000] ACPI: APIC 0x000000003FFF0240 000054 (v02 VBOX   VBOXAPIC 00000001 ASL  00000061)
[    0.000000] ACPI: SSDT 0x000000003FFF02A0 00036C (v01 VBOX   VBOXCPUT 00000002 INTL 20100528)
[    0.000000] No NUMA configuration found
[    0.000000] Faking a node at [mem 0x0000000000000000-0x000000003ffeffff]
[    0.000000] NODE_DATA(0) allocated [mem 0x3ffeb000-0x3ffeffff]
[    0.000000] kvm-clock: Using msrs 4b564d01 and 4b564d00
[    0.000000] kvm-clock: cpu 0, msr 0:3ffe3001, primary cpu clock
[    0.000000] kvm-clock: using sched offset of 3656004675 cycles
[    0.000000] clocksource: kvm-clock: mask: 0xffffffffffffffff max_cycles: 0x1cd42e4dffb, max_idle_ns: 881590591483 ns
[    0.000000] Zone ranges:
[    0.000000]   DMA      [mem 0x0000000000001000-0x0000000000ffffff]
[    0.000000]   DMA32    [mem 0x0000000001000000-0x000000003ffeffff]
[    0.000000]   Normal   empty
[    0.000000]   Device   empty
[    0.000000] Movable zone start for each node
[    0.000000] Early memory node ranges
[    0.000000]   node   0: [mem 0x0000000000001000-0x000000000009efff]
[    0.000000]   node   0: [mem 0x0000000000100000-0x000000003ffeffff]
[    0.000000] Initmem setup node 0 [mem 0x0000000000001000-0x000000003ffeffff]
[    0.000000] ACPI: PM-Timer IO Port: 0x4008
[    0.000000] IOAPIC[0]: apic_id 1, version 32, address 0xfec00000, GSI 0-23
[    0.000000] ACPI: INT_SRC_OVR (bus 0 bus_irq 0 global_irq 2 dfl dfl)
[    0.000000] ACPI: INT_SRC_OVR (bus 0 bus_irq 9 global_irq 9 low level)
[    0.000000] Using ACPI (MADT) for SMP configuration information
[    0.000000] smpboot: Allowing 1 CPUs, 0 hotplug CPUs
[    0.000000] PM: Registered nosave memory: [mem 0x00000000-0x00000fff]
[    0.000000] PM: Registered nosave memory: [mem 0x0009f000-0x0009ffff]
[    0.000000] PM: Registered nosave memory: [mem 0x000a0000-0x000effff]
[    0.000000] PM: Registered nosave memory: [mem 0x000f0000-0x000fffff]
[    0.000000] e820: [mem 0x40000000-0xfebfffff] available for PCI devices
[    0.000000] Booting paravirtualized kernel on KVM
[    0.000000] clocksource: refined-jiffies: mask: 0xffffffff max_cycles: 0xffffffff, max_idle_ns: 7645519600211568 ns
[    0.000000] setup_percpu: NR_CPUS:512 nr_cpumask_bits:512 nr_cpu_ids:1 nr_node_ids:1
[    0.000000] PERCPU: Embedded 33 pages/cpu @ffff88003fc00000 s95192 r8192 d31784 u2097152
[    0.000000] Built 1 zonelists in Node order, mobility grouping on.  Total pages: 257912
[    0.000000] Policy zone: DMA32
[    0.000000] Kernel command line: BOOT_IMAGE=/boot/vmlinuz-4.4.0-210-generic root=LABEL=cloudimg-rootfs ro console=tty1 console=ttyS0
[    0.000000] PID hash table entries: 4096 (order: 3, 32768 bytes)
[    0.000000] Memory: 997924K/1048120K available (8644K kernel code, 1332K rwdata, 4044K rodata, 1492K init, 1164K bss, 50196K reserved, 0K cma-reserved)
[    0.000000] SLUB: HWalign=64, Order=0-3, MinObjects=0, CPUs=1, Nodes=1
[    0.000000] Hierarchical RCU implementation.
[    0.000000] 	Build-time adjustment of leaf fanout to 64.
[    0.000000] 	RCU restricting CPUs from NR_CPUS=512 to nr_cpu_ids=1.
[    0.000000] RCU: Adjusting geometry for rcu_fanout_leaf=64, nr_cpu_ids=1
[    0.000000] NR_IRQS:33024 nr_irqs:256 16
[    0.000000] Console: colour VGA+ 80x25
[    0.000000] console [tty1] enabled
[    0.000000] console [ttyS0] enabled
[    0.000000] tsc: Detected 2495.996 MHz processor
[    0.130228] Calibrating delay loop (skipped) preset value.. 4991.99 BogoMIPS (lpj=9983984)
[    0.131770] pid_max: default: 32768 minimum: 301
[    0.132600] ACPI: Core revision 20150930
[    0.134050] ACPI: 2 ACPI AML tables successfully acquired and loaded
[    0.135187] Security Framework initialized
[    0.135887] Yama: becoming mindful.
[    0.136546] AppArmor: AppArmor initialized
[    0.137499] Dentry cache hash table entries: 131072 (order: 8, 1048576 bytes)
[    0.138797] Inode-cache hash table entries: 65536 (order: 7, 524288 bytes)
[    0.142989] Mount-cache hash table entries: 2048 (order: 2, 16384 bytes)
[    0.144762] Mountpoint-cache hash table entries: 2048 (order: 2, 16384 bytes)
[    0.146533] Initializing cgroup subsys io
[    0.147656] Initializing cgroup subsys memory
[    0.148787] Initializing cgroup subsys devices
[    0.150123] Initializing cgroup subsys freezer
[    0.151509] Initializing cgroup subsys net_cls
[    0.152586] Initializing cgroup subsys perf_event
[    0.153613] Initializing cgroup subsys net_prio
[    0.154400] Initializing cgroup subsys hugetlb
[    0.155171] Initializing cgroup subsys pids
[    0.158772] mce: CPU supports 0 MCE banks
[    0.159695] process: using mwait in idle threads
[    0.160721] Last level iTLB entries: 4KB 0, 2MB 0, 4MB 0
[    0.161898] Last level dTLB entries: 4KB 0, 2MB 0, 4MB 0, 1GB 0
[    0.162846] Spectre V1 : Mitigation: usercopy/swapgs barriers and __user pointer sanitization
[    0.164229] Spectre V2 : Mitigation: Full generic retpoline
[    0.165159] Spectre V2 : Spectre v2 / SpectreRSB mitigation: Filling RSB on context switch
[    0.166508] Speculative Store Bypass: Vulnerable
[    0.187964] Freeing SMP alternatives memory: 36K
[    0.195292] ftrace: allocating 32380 entries in 127 pages
[    0.241581] smpboot: APIC(0) Converting physical 0 to logical package 0
[    0.243665] smpboot: Max logical packages: 1
[    0.244814] x2apic enabled
[    0.245585] Switched APIC routing to physical x2apic.
[    0.247994] ..TIMER: vector=0x30 apic1=0 pin1=2 apic2=-1 pin2=-1
[    0.357676] smpboot: CPU0: 13th Gen Intel(R) Core(TM) i5-1335U (family: 0x6, model: 0xba, stepping: 0x3)
[    0.359751] Performance Events: unsupported p6 CPU model 186 no PMU driver, software events only.
[    0.369254] KVM setup paravirtual spinlock
[    0.370403] x86: Booted up 1 node, 1 CPUs
[    0.371212] smpboot: Total of 1 processors activated (4991.99 BogoMIPS)
[    0.373169] devtmpfs: initialized
[    0.375036] evm: security.selinux
[    0.376078] evm: security.SMACK64
[    0.377220] evm: security.SMACK64EXEC
[    0.378184] evm: security.SMACK64TRANSMUTE
[    0.379183] evm: security.SMACK64MMAP
[    0.380134] evm: security.ima
[    0.381071] evm: security.capability
[    0.381866] clocksource: jiffies: mask: 0xffffffff max_cycles: 0xffffffff, max_idle_ns: 7645041785100000 ns
[    0.383716] futex hash table entries: 256 (order: 2, 16384 bytes)
[    0.384931] pinctrl core: initialized pinctrl subsystem
[    0.385895] RTC time: 14:56:15, date: 03/26/24
[    0.386753] NET: Registered protocol family 16
[    0.387593] cpuidle: using governor ladder
[    0.388314] cpuidle: using governor menu
[    0.389181] PCCT header not found.
[    0.389849] ACPI: bus type PCI registered
[    0.390551] acpiphp: ACPI Hot Plug PCI Controller Driver version: 0.5
[    0.391576] PCI: Using configuration type 1 for base access
[    0.396306] ACPI: Added _OSI(Module Device)
[    0.397608] ACPI: Added _OSI(Processor Device)
[    0.398816] ACPI: Added _OSI(3.0 _SCP Extensions)
[    0.400053] ACPI: Added _OSI(Processor Aggregator Device)
[    0.401938] ACPI: Executed 1 blocks of module-level executable AML code
[    0.405070] ACPI: Interpreter enabled
[    0.405736] ACPI: (supports S0 S5)
[    0.406411] ACPI: Using IOAPIC for interrupt routing
[    0.407320] PCI: Using host bridge windows from ACPI; if necessary, use "pci=nocrs" and report a bug
[    0.410718] ACPI: PCI Root Bridge [PCI0] (domain 0000 [bus 00-ff])
[    0.411815] acpi PNP0A03:00: _OSC: OS supports [ASPM ClockPM Segments MSI]
[    0.413209] acpi PNP0A03:00: _OSC: not requesting OS control; OS requires [ExtendedConfig ASPM ClockPM MSI]
[    0.414796] acpi PNP0A03:00: fail to add MMCONFIG information, can't access extended PCI configuration space under this bridge.
[    0.416723] PCI host bridge to bus 0000:00
[    0.417448] pci_bus 0000:00: root bus resource [io  0x0000-0x0cf7 window]
[    0.418700] pci_bus 0000:00: root bus resource [io  0x0d00-0xffff window]
[    0.419734] pci_bus 0000:00: root bus resource [mem 0x000a0000-0x000bffff window]
[    0.420985] pci_bus 0000:00: root bus resource [mem 0x40000000-0xfdffffff window]
[    0.422237] pci_bus 0000:00: root bus resource [bus 00-ff]
[    0.424285] pci 0000:00:01.1: legacy IDE quirk: reg 0x10: [io  0x01f0-0x01f7]
[    0.425556] pci 0000:00:01.1: legacy IDE quirk: reg 0x14: [io  0x03f6]
[    0.426573] pci 0000:00:01.1: legacy IDE quirk: reg 0x18: [io  0x0170-0x0177]
[    0.427878] pci 0000:00:01.1: legacy IDE quirk: reg 0x1c: [io  0x0376]
[    0.436673] pci 0000:00:07.0: quirk: [io  0x4000-0x403f] claimed by PIIX4 ACPI
[    0.444761] pci 0000:00:07.0: quirk: [io  0x4100-0x410f] claimed by PIIX4 SMB
[    0.450527] ACPI: PCI Interrupt Link [LNKA] (IRQs 5 9 10 *11)
[    0.451879] ACPI: PCI Interrupt Link [LNKB] (IRQs 5 9 *10 11)
[    0.453406] ACPI: PCI Interrupt Link [LNKC] (IRQs 5 *9 10 11)
[    0.454736] ACPI: PCI Interrupt Link [LNKD] (IRQs 5 9 10 *11)
[    0.456660] ACPI: Enabled 2 GPEs in block 00 to 07
[    0.457746] vgaarb: setting as boot device: PCI:0000:00:02.0
[    0.458704] vgaarb: device added: PCI:0000:00:02.0,decodes=io+mem,owns=io+mem,locks=none
[    0.460147] vgaarb: loaded
[    0.460702] vgaarb: bridge control possible 0000:00:02.0
[    0.461963] SCSI subsystem initialized
[    0.462744] ACPI: bus type USB registered
[    0.463508] usbcore: registered new interface driver usbfs
[    0.466115] usbcore: registered new interface driver hub
[    0.467803] usbcore: registered new device driver usb
[    0.469588] PCI: Using ACPI for IRQ routing
[    0.471889] NetLabel: Initializing
[    0.472963] NetLabel:  domain hash size = 128
[    0.473745] NetLabel:  protocols = UNLABELED CIPSOv4
[    0.474679] NetLabel:  unlabeled traffic allowed by default
[    0.475701] amd_nb: Cannot enumerate AMD northbridges
[    0.476611] clocksource: Switched to clocksource kvm-clock
[    0.486972] AppArmor: AppArmor Filesystem Enabled
[    0.489714] pnp: PnP ACPI init
[    0.491175] pnp: PnP ACPI: found 3 devices
[    0.497170] clocksource: acpi_pm: mask: 0xffffff max_cycles: 0xffffff, max_idle_ns: 2085701024 ns
[    0.498746] NET: Registered protocol family 2
[    0.499633] TCP established hash table entries: 8192 (order: 4, 65536 bytes)
[    0.501180] TCP bind hash table entries: 8192 (order: 5, 131072 bytes)
[    0.502231] TCP: Hash tables configured (established 8192 bind 8192)
[    0.503387] UDP hash table entries: 512 (order: 2, 16384 bytes)
[    0.504949] UDP-Lite hash table entries: 512 (order: 2, 16384 bytes)
[    0.506091] NET: Registered protocol family 1
[    0.507140] pci 0000:00:00.0: Limiting direct PCI/PCI transfers
[    0.508145] pci 0000:00:01.0: Activating ISA DMA hang workarounds
[    0.509274] Unpacking initramfs...
[    0.758452] Freeing initrd memory: 14888K
[    0.759515] clocksource: tsc: mask: 0xffffffffffffffff max_cycles: 0x23fa73621d8, max_idle_ns: 440795297715 ns
[    0.761413] platform rtc_cmos: registered platform RTC device (no PNP device found)
[    0.763983] Scanning for low memory corruption every 60 seconds
[    0.765965] audit: initializing netlink subsys (disabled)
[    0.767430] audit: type=2000 audit(1711464980.906:1): initialized
[    0.769318] Initialise system trusted keyring
[    0.771141] HugeTLB registered 2 MB page size, pre-allocated 0 pages
[    0.775517] zbud: loaded
[    0.777418] VFS: Disk quotas dquot_6.6.0
[    0.779359] VFS: Dquot-cache hash table entries: 512 (order 0, 4096 bytes)
[    0.782941] squashfs: version 4.0 (2009/01/31) Phillip Lougher
[    0.785430] fuse init (API version 7.23)
[    0.786941] Key type big_key registered
[    0.787984] Allocating IMA MOK and blacklist keyrings.
[    0.789788] Key type asymmetric registered
[    0.791513] Asymmetric key parser 'x509' registered
[    0.793379] Block layer SCSI generic (bsg) driver version 0.4 loaded (major 249)
[    0.796203] io scheduler noop registered
[    0.797958] io scheduler deadline registered (default)
[    0.800025] io scheduler cfq registered
[    0.801889] pci_hotplug: PCI Hot Plug PCI Core version: 0.5
[    0.804024] pciehp: PCI Express Hot Plug Controller Driver version: 0.4
[    0.806381] ACPI: AC Adapter [AC] (off-line)
[    0.807622] input: Power Button as /devices/LNXSYSTM:00/LNXPWRBN:00/input/input0
[    0.809824] ACPI: Power Button [PWRF]
[    0.810952] input: Sleep Button as /devices/LNXSYSTM:00/LNXSLPBN:00/input/input1
[    0.813158] ACPI: Sleep Button [SLPF]
[    0.815085] ACPI: Battery Slot [BAT0] (battery present)
[    0.816559] GHES: HEST is not enabled!
[    0.817850] Serial: 8250/16550 driver, 32 ports, IRQ sharing enabled
[    0.840846] 00:02: ttyS0 at I/O 0x3f8 (irq = 4, base_baud = 115200) is a 16550A
[    0.848866] Linux agpgart interface v0.103
[    0.855005] loop: module loaded
[    0.856816] scsi host0: ata_piix
[    0.857914] scsi host1: ata_piix
[    0.859021] ata1: PATA max UDMA/33 cmd 0x1f0 ctl 0x3f6 bmdma 0xd000 irq 14
[    0.860630] ata2: PATA max UDMA/33 cmd 0x170 ctl 0x376 bmdma 0xd008 irq 15
[    0.862503] libphy: Fixed MDIO Bus: probed
[    0.863610] tun: Universal TUN/TAP device driver, 1.6
[    0.864877] tun: (C) 1999-2004 Max Krasnyansky <maxk@qualcomm.com>
[    0.866346] PPP generic driver version 2.4.2
[    0.867143] ehci_hcd: USB 2.0 'Enhanced' Host Controller (EHCI) Driver
[    0.868234] ehci-pci: EHCI PCI platform driver
[    0.869076] ehci-platform: EHCI generic platform driver
[    0.869928] ohci_hcd: USB 1.1 'Open' Host Controller (OHCI) Driver
[    0.870939] ohci-pci: OHCI PCI platform driver
[    0.871714] ohci-platform: OHCI generic platform driver
[    0.872588] uhci_hcd: USB Universal Host Controller Interface driver
[    0.873660] i8042: PNP: PS/2 Controller [PNP0303:PS2K,PNP0f03:PS2M] at 0x60,0x64 irq 1,12
[    0.875402] serio: i8042 KBD port at 0x60,0x64 irq 1
[    0.876342] serio: i8042 AUX port at 0x60,0x64 irq 12
[    0.877659] mousedev: PS/2 mouse device common for all mice
[    0.878946] input: AT Translated Set 2 keyboard as /devices/platform/i8042/serio0/input/input2
[    0.881286] rtc_cmos rtc_cmos: rtc core: registered rtc_cmos as rtc0
[    0.882942] rtc_cmos rtc_cmos: alarms up to one day, 114 bytes nvram
[    0.884468] i2c /dev entries driver
[    0.885700] device-mapper: uevent: version 1.0.3
[    0.886924] device-mapper: ioctl: 4.34.0-ioctl (2015-10-28) initialised: dm-devel@redhat.com
[    0.889078] ledtrig-cpu: registered to indicate activity on CPUs
[    0.890902] NET: Registered protocol family 10
[    0.892038] NET: Registered protocol family 17
[    0.892848] Key type dns_resolver registered
[    0.893772] registered taskstats version 1
[    0.894538] Loading compiled-in X.509 certificates
[    0.895705] Loaded X.509 cert 'Build time autogenerated kernel key: cf00e047681d67edb2720680708b7d9498083038'
[    0.897957] zswap: loaded using pool lzo/zbud
[    0.900946] Key type trusted registered
[    0.904019] Key type encrypted registered
[    0.905248] AppArmor: AppArmor sha1 policy hashing enabled
[    0.906640] ima: No TPM chip found, activating TPM-bypass!
[    0.908112] ima: Allocated hash algorithm: sha1
[    0.909454] evm: HMAC attrs: 0x1
[    0.910632]   Magic number: 0:312:941
[    0.911910] rtc_cmos rtc_cmos: setting system clock to 2024-03-26 14:56:15 UTC (1711464975)
[    0.913575] BIOS EDD facility v0.16 2004-Jun-25, 0 devices found
[    0.914556] EDD information not available.
[    1.043910] Freeing unused kernel memory: 1492K
[    1.046945] Write protecting the kernel read-only data: 14336k
[    1.050241] Freeing unused kernel memory: 1584K
[    1.051948] Freeing unused kernel memory: 52K
Loading, please wait...
starting version 229
[    1.063409] random: udevadm: uninitialized urandom read (16 bytes read, 3 bits of entropy available)
[    1.066449] random: systemd-udevd: uninitialized urandom read (16 bytes read, 3 bits of entropy available)
[    1.068708] random: systemd-udevd: uninitialized urandom read (16 bytes read, 3 bits of entropy available)
[    1.071023] random: systemd-udevd: uninitialized urandom read (16 bytes read, 3 bits of entropy available)
[    1.073280] random: udevadm: uninitialized urandom read (16 bytes read, 3 bits of entropy available)
[    1.076661] random: systemd-udevd: uninitialized urandom read (16 bytes read, 3 bits of entropy available)
[    1.081385] random: systemd-udevd: uninitialized urandom read (16 bytes read, 3 bits of entropy available)
[    1.083551] random: systemd-udevd: uninitialized urandom read (16 bytes read, 3 bits of entropy available)
[    1.087852] random: udevadm: uninitialized urandom read (16 bytes read, 3 bits of entropy available)
[    1.090736] random: systemd-udevd: uninitialized urandom read (16 bytes read, 3 bits of entropy available)
[    1.147965] e1000: Intel(R) PRO/1000 Network Driver - version 7.3.21-k8-NAPI
[    1.150831] e1000: Copyright (c) 1999-2006 Intel Corporation.
[    1.157029] Fusion MPT base driver 3.04.20
[    1.158654] Copyright (c) 1999-2008 LSI Corporation
[    1.179743] Fusion MPT SPI Host driver 3.04.20
[    1.189341] AVX2 version of gcm_enc/dec engaged.
[    1.190730] AES CTR mode by8 optimization enabled
[    1.369638] input: ImExPS/2 Generic Explorer Mouse as /devices/platform/i8042/serio1/input/input4
[    1.521157] e1000 0000:00:03.0 eth0: (PCI:33MHz:32-bit) 02:be:82:6b:cc:1d
[    1.523043] e1000 0000:00:03.0 eth0: Intel(R) PRO/1000 Network Connection
[    1.525107] mptbase: ioc0: Initiating bringup
[    1.598738] ioc0: LSI53C1030 A0: Capabilities={Initiator}
[    1.769404] scsi host2: ioc0: LSI53C1030 A0, FwRev=00000000h, Ports=1, MaxQ=256, IRQ=20
[    1.891719] scsi 2:0:0:0: Direct-Access     VBOX     HARDDISK         1.0  PQ: 0 ANSI: 5
[    1.897846] scsi target2:0:0: Beginning Domain Validation
[    1.906046] scsi target2:0:0: Domain Validation skipping write tests
[    1.908058] scsi target2:0:0: Ending Domain Validation
[    1.909795] scsi target2:0:0: asynchronous
[    1.912619] scsi 2:0:1:0: Direct-Access     VBOX     HARDDISK         1.0  PQ: 0 ANSI: 5
[    1.914982] scsi target2:0:1: Beginning Domain Validation
[    1.984271] scsi target2:0:1: Domain Validation skipping write tests
[    1.985396] scsi target2:0:1: Ending Domain Validation
[    1.990199] scsi target2:0:1: asynchronous
[    2.162853] sd 2:0:0:0: Attached scsi generic sg0 type 0
[    2.164205] sd 2:0:1:0: Attached scsi generic sg1 type 0
[    2.165158] sd 2:0:0:0: [sda] 83886080 512-byte logical blocks: (42.9 GB/40.0 GiB)
[    2.173220] sd 2:0:1:0: [sdb] 20480 512-byte logical blocks: (10.5 MB/10.0 MiB)
[    2.175153] sd 2:0:1:0: [sdb] Write Protect is off
[    2.176165] sd 2:0:0:0: [sda] Write Protect is off
[    2.177456] sd 2:0:1:0: [sdb] Incomplete mode parameter data
[    2.178576] sd 2:0:1:0: [sdb] Assuming drive cache: write through
[    2.179664] sd 2:0:0:0: [sda] Incomplete mode parameter data
[    2.180622] sd 2:0:0:0: [sda] Assuming drive cache: write through
[    2.210379]  sda: sda1
[    2.223676] sd 2:0:0:0: [sda] Attached SCSI disk
[    2.240629] sd 2:0:1:0: [sdb] Attached SCSI disk
[    2.300810] e1000 0000:00:08.0 eth1: (PCI:33MHz:32-bit) 08:00:27:81:db:d5
[    2.302299] e1000 0000:00:08.0 eth1: Intel(R) PRO/1000 Network Connection
[    2.304017] e1000 0000:00:08.0 enp0s8: renamed from eth1
[    2.305811] e1000 0000:00:03.0 enp0s3: renamed from eth0
Begin: Loading essential drivers ... [    3.546846] md: linear personality registered for level -1
[    3.550493] md: multipath personality registered for level -4
[    3.554233] md: raid0 personality registered for level 0
[    3.558952] md: raid1 personality registered for level 1
[    3.628619] raid6: sse2x1   gen() 18347 MB/s
[    3.696669] raid6: sse2x1   xor() 12148 MB/s
[    3.764670] raid6: sse2x2   gen() 21991 MB/s
[    3.832622] raid6: sse2x2   xor() 14437 MB/s
[    3.900645] raid6: sse2x4   gen() 17996 MB/s
[    3.968666] raid6: sse2x4   xor() 11368 MB/s
[    4.036622] raid6: avx2x1   gen() 31668 MB/s
[    4.104723] raid6: avx2x2   gen() 17435 MB/s
[    4.172644] raid6: avx2x4   gen() 25531 MB/s
[    4.174304] raid6: using algorithm avx2x1 gen() 31668 MB/s
[    4.175702] raid6: using avx2x2 recovery algorithm
[    4.178795] xor: automatically using best checksumming function:
[    4.216622]    avx       : 19515.000 MB/sec
[    4.219073] async_tx: api initialized (async)
[    4.230955] md: raid6 personality registered for level 6
[    4.232353] md: raid5 personality registered for level 5
[    4.233275] md: raid4 personality registered for level 4
[    4.239269] md: raid10 personality registered for level 10
done.
Begin: Running /scripts/init-premount ... done.
Begin: Mounting root file system ... Begin: Running /scripts/local-top ... done.
Begin: Running /scripts/local-premount ... [    4.268043] Btrfs loaded
Scanning for Btrfs filesystems
done.
Warning: fsck not present, so skipping root file system
[    4.313334] EXT4-fs (sda1): mounted filesystem with ordered data mode. Opts: (null)
done.
Begin: Running /scripts/local-bottom ... done.
Begin: Running /scripts/init-bottom ... done.
[    4.405332] systemd[1]: systemd 229 running in system mode. (+PAM +AUDIT +SELINUX +IMA +APPARMOR +SMACK +SYSVINIT +UTMP +LIBCRYPTSETUP +GCRYPT +GNUTLS +ACL +XZ -LZ4 +SECCOMP +BLKID +ELFUTILS +KMOD -IDN)
[    4.409398] systemd[1]: Detected virtualization oracle.
[    4.410235] systemd[1]: Detected architecture x86-64.

Welcome to [1mUbuntu 16.04.7 LTS[0m!

[    4.414258] systemd[1]: Set hostname to <ubuntu>.
[    4.417436] systemd[1]: Initializing machine ID from random generator.
[    4.418691] systemd[1]: Installed transient /etc/machine-id file.
[    4.573137] systemd[1]: Created slice User and Session Slice.
[[0;32m  OK  [0m] Created slice User and Session Slice.
[    4.575053] systemd[1]: Listening on Journal Socket.
[[0;32m  OK  [0m] Listening on Journal Socket.
[    4.576700] systemd[1]: Reached target Encrypted Volumes.
[[0;32m  OK  [0m] Reached target Encrypted Volumes.
[    4.578826] systemd[1]: Listening on Journal Audit Socket.
[[0;32m  OK  [0m] Listening on Journal Audit Socket.
[    4.580916] systemd[1]: Started Forward Password Requests to Wall Directory Watch.
[[0;32m  OK  [0m] Started Forward Password Requests to Wall Directory Watch.
[    4.583323] systemd[1]: Started Trigger resolvconf update for networkd DNS.
[[0;32m  OK  [0m] Started Trigger resolvconf update for networkd DNS.
[    4.585072] systemd[1]: Listening on udev Control Socket.
[[0;32m  OK  [0m] Listening on udev Control Socket.
[    4.586637] systemd[1]: Reached target User and Group Name Lookups.
[[0;32m  OK  [0m] Reached target User and Group Name Lookups.
[    4.588336] systemd[1]: Listening on Device-mapper event daemon FIFOs.
[[0;32m  OK  [0m] Listening on Device-mapper event daemon FIFOs.
[    4.590237] systemd[1]: Created slice System Slice.
[[0;32m  OK  [0m] Created slice System Slice.
[    4.594989] systemd[1]: Starting Load Kernel Modules...
         Starting Load Kernel Modules...
[    4.596883] systemd[1]: Starting Set console keymap...
         Starting Set console keymap...
[    4.598954] systemd[1]: Mounting Huge Pages File System...
         Mounting Huge Pages File System...
[    4.607667] Loading iSCSI transport class v2.0-870.
[    4.609149] systemd[1]: Listening on fsck to fsckd communication Socket.
[[0;32m  OK  [0m] Listening on fsck to fsckd communication Socket.
[    4.612812] systemd[1]: Starting File System Check on Root Device...
         Starting File System Check on Root Device...
[    4.618703] systemd[1]: Mounting Debug File System...
         Mounting Debug File System...
[    4.622549] systemd[1]: Listening on udev Kernel Socket.
[[0;32m  OK  [0m] Listening on udev Kernel Socket.
[    4.627853] systemd[1]: Listening on Syslog Socket.
[[0;32m  OK  [0m] Listening on Syslog Socket.
[    4.632876] systemd[1]: Listening on LVM2 metadata daemon socket.
[[0;32m  OK  [0m] Listening on LVM2 metadata daemon socket.
[    4.635756] systemd[1]: Mounting POSIX Message Queue File System...
         Mounting POSIX Message Queue File System...
[    4.641735] systemd[1]: Set up automount Arbitrary Executable File Formats File System Automount Point.
[[0;32m  OK  [0m] Set up automount Arbitrary Executab...ats File System Automount Point.
[    4.646793] systemd[1]: Listening on Journal Socket (/dev/log).
[[0;32m  OK  [0m] Listening on Journal Socket (/dev/log).
[    4.648736] systemd[1]: Starting Journal Service...
         Starting Journal Service...
[    4.651983] iscsi: registered transport (tcp)
[    4.652958] systemd[1]: Listening on LVM2 poll daemon socket.
[[0;32m  OK  [0m] Listening on LVM2 poll daemon socket.
[    4.655141] systemd[1]: Listening on /dev/initctl Compatibility Named Pipe.
[[0;32m  OK  [0m] Listening on /dev/initctl Compatibility Named Pipe.
[    4.657328] systemd[1]: Starting Create list of required static device nodes for the current kernel...
         Starting Create list of required st... nodes for the current kernel...
[    4.663004] systemd[1]: Starting Nameserver information manager...
         Starting Nameserver information manager...
[    4.669057] systemd[1]: Created slice system-serial\x2dgetty.slice.
[[0;32m  OK  [0m] Created slice system-serial\x2dgetty.slice.
[    4.676054] systemd[1]: Reached target Slices.
[[0;32m  OK  [0m] Reached target Slices.
[    4.678691] systemd[1]: Starting Uncomplicated firewall...
         Starting Uncomplicated firewall...
[    4.684994] systemd[1]: Reached target Swap.
[[0;32m  OK  [0m] Reached target Swap.
[    4.687489] systemd[1]: Starting Monitoring of LVM2 mirrors, snapshots etc. using dmeventd or progress polling...
         Starting Monitoring of LVM2 mirrors... dmeventd or progress polling...
[    4.695912] systemd[1]: Reached target System Time Synchronized.
[[0;32m  OK  [0m] Reached target System Time Synchronized.
[    4.701827] systemd[1]: Mounted Huge Pages File System.
[[0;32m  OK  [0m] Mounted Huge Pages File System.
[    4.707425] systemd[1]: Mounted POSIX Message Queue File System.
[[0;32m  OK  [0m] Mounted POSIX Message Queue File System.
[    4.711604] systemd[1]: Mounted Debug File System.
[[0;32m  OK  [0m] Mounted Debug File System.
[    4.713393] systemd[1]: Started File System Check on Root Device.
[[0;32m  OK  [0m] Started File System Check on Root Device.
[    4.721386] systemd[1]: Started Create list of required static device nodes for the current kernel.
[[0;32m  OK  [0m] Started Create list of required sta...ce nodes for the current kernel.
[    4.726503] systemd[1]: Started Uncomplicated firewall.
[[0;32m  OK  [0m] Started Uncomplicated firewall.
[    4.734970] systemd[1]: Started File System Check Daemon to report status.
[[0;32m  OK  [0m] Started File System Check Daemon to report status.
[    4.741285] systemd[1]: Starting Create Static Device Nodes in /dev...
         Starting Create Static Device Nodes in /dev...
[    4.747406] systemd[1]: Starting Remount Root and Kernel File Systems...
         Starting Remount Root and Kernel File Systems...
[    4.752571] systemd[1]: Started Journal Service.
[[0;32m  OK  [0m] Started Journal Service.
[[0;32m  OK  [0m] Started Set console keymap.
[    4.759647] EXT4-fs (sda1): re-mounted. Opts: (null)
[[0;32m  OK  [0m] Started Nameserver information manager.
[[0;32m  OK  [0m] Started LVM2 metadata daemon.
[[0;32m  OK  [0m] Started Remount Root and Kernel File Systems.
         Starting Load/Save Random Seed...
         Starting udev Coldplug all Devices...
         Starting Flush Journal to Persistent Storage...
[[0;32m  OK  [0m] Started Load/Save Random Seed.
[    4.805242] systemd-journald[398]: Received request to flush runtime journal from PID 1
[    4.812468] iscsi: registered transport (iser)
[[0;32m  OK  [0m] Started Flush Journal to Persistent Storage.
[[0;32m  OK  [0m] Started Create Static Device Nodes in /dev.
         Starting udev Kernel Device Manager...
[[0;32m  OK  [0m] Started Load Kernel Modules.
         Starting Apply Kernel Variables...
         Mounting FUSE Control File System...
[[0;32m  OK  [0m] Mounted FUSE Control File System.
[[0;32m  OK  [0m] Started Apply Kernel Variables.
[[0;32m  OK  [0m] Started udev Kernel Device Manager.
[[0;32m  OK  [0m] Started Monitoring of LVM2 mirrors,...ng dmeventd or progress polling.
[[0;32m  OK  [0m] Started udev Coldplug all Devices.
[[0;32m  OK  [0m] Started Dispatch Password Requests to Console Directory Watch.
[[0;32m  OK  [0m] Reached target Local File Systems (Pre).
[[0;32m  OK  [0m] Reached target Local File Systems.
         Starting Set console font and keymap...
         Starting Commit a transient machine-id on disk...
         Starting LSB: AppArmor initialization...
         Starting Initial cloud-init job (pre-networking)...
         Starting Create Volatile Files and Directories...
         Starting Tell Plymouth To Write Out Runtime Data...
[[0;32m  OK  [0m] Started Commit a transient machine-id on disk.
[[0;32m  OK  [0m] Started Create Volatile Files and Directories.
         Starting Update UTMP about System Boot/Shutdown...
[[0;32m  OK  [0m] Started Tell Plymouth To Write Out Runtime Data.
[[0;32m  OK  [0m] Started Update UTMP about System Boot/Shutdown.
[[0;32m  OK  [0m] Found device /dev/ttyS0.
[[0;32m  OK  [0m] Listening on Load/Save RF Kill Switch Status /dev/rfkill Watch.
[[0;32m  OK  [0m] Started Set console font and keymap.
[[0;32m  OK  [0m] Started LSB: AppArmor initialization.
         Starting Load AppArmor profiles managed internally by snapd...
[[0;32m  OK  [0m] Created slice system-getty.slice.
[    6.547272] cloud-init[509]: Cloud-init v. 21.1-19-gbad84ad4-0ubuntu1~16.04.2 running 'init-local' at Tue, 26 Mar 2024 14:56:20 +0000. Up 6.06 seconds.
[[0;32m  OK  [0m] Started Initial cloud-init job (pre-networking).
[[0;32m  OK  [0m] Reached target Network (Pre).
         Starting Raise network interfaces...
[[0;32m  OK  [0m] Started Load AppArmor profiles managed internally by snapd.
[[0;32m  OK  [0m] Started Raise network interfaces.
[[0;32m  OK  [0m] Reached target Network.
         Starting Initial cloud-init job (metadata service crawler)...
[    7.870924] cloud-init[974]: Cloud-init v. 21.1-19-gbad84ad4-0ubuntu1~16.04.2 running 'init' at Tue, 26 Mar 2024 14:56:22 +0000. Up 7.44 seconds.
[    7.873452] cloud-init[974]: ci-info: ++++++++++++++++++++++++++++++++++++++Net device info+++++++++++++++++++++++++++++++++++++++
[    7.875621] cloud-init[974]: ci-info: +--------+-------+----------------------------+---------------+--------+-------------------+
[    7.880608] cloud-init[974]: ci-info: | Device |   Up  |          Address           |      Mask     | Scope  |     Hw-Address    |
[    7.882971] cloud-init[974]: ci-info: +--------+-------+----------------------------+---------------+--------+-------------------+
[    7.884897] cloud-init[974]: ci-info: | enp0s3 |  True |         10.0.2.15          | 255.255.255.0 | global | 02:be:82:6b:cc:1d |
[    7.887056] cloud-init[974]: ci-info: | enp0s3 |  True | fe80::be:82ff:fe6b:cc1d/64 |       .       |  link  | 02:be:82:6b:cc:1d |
[    7.900314] cloud-init[974]: ci-info: | enp0s8 | False |             .              |       .       |   .    | 08:00:27:81:db:d5 |
[    7.901839] cloud-init[974]: ci-info: |   lo   |  True |         127.0.0.1          |   255.0.0.0   |  host  |         .         |
[    7.904153] cloud-init[974]: ci-info: |   lo   |  True |          ::1/128           |       .       |  host  |         .         |
[    7.908333] cloud-init[974]: ci-info: +--------+-------+----------------------------+---------------+--------+-------------------+
[    7.910231] cloud-init[974]: ci-info: +++++++++++++++++++++++++++Route IPv4 info++++++++++++++++++++++++++++
[    7.912149] cloud-init[974]: ci-info: +-------+-------------+----------+---------------+-----------+-------+
[    7.916213] cloud-init[974]: ci-info: | Route | Destination | Gateway  |    Genmask    | Interface | Flags |
[    7.920225] cloud-init[974]: ci-info: +-------+-------------+----------+---------------+-----------+-------+
[    7.924216] cloud-init[974]: ci-info: |   0   |   0.0.0.0   | 10.0.2.2 |    0.0.0.0    |   enp0s3  |   UG  |
[    7.925815] cloud-init[974]: ci-info: |   1   |   10.0.2.0  | 0.0.0.0  | 255.255.255.0 |   enp0s3  |   U   |
[    7.929859] cloud-init[974]: ci-info: +-------+-------------+----------+---------------+-----------+-------+
[[0;32m  OK  [0m] Started Initial cloud-init job (metadata service crawler).
[[0;32m  OK  [0m] Reached target Cloud-config availability.
[[0;32m  OK  [0m] Reached target System Initialization.
[[0;32m  OK  [0m] Started Message of the Day.
[[0;32m  OK  [0m] Started Ubuntu Advantage update messaging.
[    7.935451] cloud-init[974]: ci-info: +++++++++++++++++++Route IPv6 info+++++++++++++++++++
         Starting LXD - unix socket.
[    7.941241] cloud-init[974]: ci-info: +-------+-------------+---------+-----------+-------+
[[0;32m  OK  [0m] Listening on ACPID Listen Socket.[    7.944270] cloud-init[974]: ci-info: | Route | Destination | Gateway | Interface | Flags |
[    7.945652] cloud-init[974]: ci-info: +-------+-------------+---------+-----------+-------+
[    7.947113] cloud-init[974]: ci-info: |   0   |  fe80::/64  |    ::   |   enp0s3  |   U   |
[[0;32m  OK  [0m] Listening on D-Bus System Message Bus Socket.
[[0;32m  OK  [0m] Started Daily Cleanup of Temporary Directories.
[[0;32m  OK  [0m] Started Daily apt download activities.
[[0;32m  OK  [0m] Listening on UUID daemon activation socket.
         Starting Socket activation for snappy daemon.

[    7.954558] cloud-init[974]: ci-info: |   3   |   ff00::/8  |    ::   |   enp0s3  |   U   |
[    7.956376] cloud-init[974]: ci-info: +-------+-------------+---------+-----------+-------+
[[0;32m  OK  [0m] Started ACPI Events Check.
[[0;32m  OK  [0m] Reached target Paths.
[[0;32m  OK  [0m] Started Daily apt upgrade and clean activities.
[[0;32m  OK  [0m] Reached target Timers.
[    7.960449] cloud-init[974]: [[0;32m  OK  [0m] Reached target Network is Online.
         Starting iSCSI initiator daemon (iscsid)...
[[0;32m  OK  [0m] Listening on LXD - unix socket.
[[0;32m  OK  [0m] Listening on Socket activation for snappy daemon.Generating public/private rsa key pair.
[    7.969117] cloud-init[974]: Your identification has been saved in /etc/ssh/ssh_host_rsa_key.
[    7.970132] cloud-init[974]: Your public key has been saved in /etc/ssh/ssh_host_rsa_key.pub.
[    7.971022] cloud-init[974]: The key fingerprint is:
[    7.971603] cloud-init[974]: SHA256:C9SFQEUe2WnVGz5zeabyFQyLZ2RXXxkXERqcBSc9d/0 root@ubuntu-xenial
[    7.972848] cloud-init[974]: The key's randomart image is:
[    7.972869] cloud-init[974]: +---[RSA 2048]----+
[    7.972903] cloud-init[974]: |     .o+++.oo==B%|
[    7.972921] cloud-init[974]: |       ooo+  *B=B|
[    7.972938] cloud-init[974]: |      . o.  +o=oB|
[    7.972955] cloud-init[974]: |     .     . +=+E|
[    7.972972] cloud-init[974]: |      . S   o  *o|
[    7.972989] cloud-init[974]: |       . .  . . .|
[    7.973119] cloud-init[974]: |        .    o . |
[    7.973145] cloud-init[974]: |              .  |
[    7.973166] cloud-init[974]: |                 |
[    7.973185] cloud-init[974]: +----[SHA256]-----+

[[0;32m  OK  [0m] Reached target Sockets.
[[0;32m  OK  [0m] Reached target Basic System.[    7.980466] cloud-init[974]: Generating public/private dsa key pair.

         Starting System Logging Service...
[[0;32m  OK  [0m] Started ACPI event daemon.
[[0;32m  OK  [0m] Started Regular background program processing daemon.
         Starting Pollinate to seed the pseudo random number generator...
[[0;32m  OK  [0m] Started Deferred execution scheduler.
         Starting Virtualbox guest utils...
         Starting LSB: MD monitoring daemon...
         Starting /etc/rc.local Compatibility...
         Starting Accounts Service...
[[0;32m  OK  [0m] Started FUSE filesystem for LXC.
[[0;32m  OK  [0m] Started D-Bus System Message Bus.
[    7.983815] cloud-init[974]: Your identification has been saved in /etc/ssh/ssh_host_dsa_key.
[    8.047473] cloud-init[974]: Your public key has been saved in /etc/ssh/ssh_host_dsa_key.pub.
[    8.051639] cloud-init[974]: The key fingerprint is:
[    8.054726] cloud-init[974]: SHA256:y0T43ESWBZSEum6tSB3Fa4SPy0+Vf0uArJJ1ggKVbFs root@ubuntu-xenial
[    8.060609] cloud-init[974]: The key's randomart image is:
[    8.062255] cloud-init[974]: +---[DSA 1024]----+
[    8.066228] cloud-init[974]: |   ...   +*=.    |
         Starting LSB: Record successful boot for GRUB...
         Starting Snap Daemon...
[    8.069224] cloud-init[974]: |   .+ E+.oo      |
         Starting Login Service...
         Starting LXD - container startup/shutdown...
[    8.098262] cloud-init[974]: |  .. oo.= .      |
[[0;32m  OK  [0m] Started System Logging Service.
[[0;32m  OK  [0m] Started /etc/rc.local Compatibility.
[    8.108796]          Starting Authenticate and Authorize Users to Run Privileged Tasks...
[[0;32m  OK  [0m] Started iSCSI initiator daemon (iscsid).
         Starting Login to default iSCSI targets...
[[0;32m  OK  [0m] Started Login to default iSCSI targets.
[[0;32m  OK  [0m] Reached target Remote File Systems (Pre).
[[0;32m  OK  [0m] Reached target Remote File Systems.
         Starting LSB: automatic crash report generation...
         Starting Permit User Sessions...
         Starting LSB: daemon to balance interrupts for SMP systems...
         Starting LSB: Set the CPU Frequency Scaling governor to "ondemand"...cloud-init
[[0;32m  OK  [0m] Started Login Service.
[[0;32m  OK  [0m] Started Unattended Upgrades Shutdown.
[[0;32m  OK  [0m] Started Permit User Sessions.
         Starting Terminate Plymouth Boot Screen...
         Starting Hold until boot process finishes up...
[[0;32m  OK  [0m] Started Hold until boot process finishes up.
         Starting Set console scheme...
[[0;32m  OK  [0m] Started Getty on tty1.
[[0;32m  OK  [0m] Started Serial Getty on ttyS0.
[[0;32m  OK  [0m] Reached target Login Prompts.
[[0;32m  OK  [0m] Started Terminate Plymouth Boot Screen.
[974]: |   .. .X = o     |
[[0;32m  OK  [0m] Started Set console scheme.
[[0;32m  OK  [0m] Started LSB: MD monitoring daemon.
[    8.218008] cloud-init[974]: |    . +.S B .    |
[    8.236261] cloud-init[974]: |     +.O * . .   |
[[0;32m  OK  [0m] Started LSB: Set the CPU Frequency Scaling governor to "ondemand".
[    8.252547] cloud-init[974]: |    ..*.=   . o  |
[    8.271623] cloud-init[974]: |   . .o+.    o . |
[[0;32m  OK  [0m] Started LSB: Record successful boot for GRUB.
[[0;32m  OK  [0m] Started LSB: daemon to balance interrupts for SMP systems.
[    8.289599] cloud-init[974]: |    .....     .  |
[    8.324303] cloud-init[974]: +----[SHA256]-----+
[    8.324898] cloud-init[974]: Generating public/private ecdsa key pair.
[    8.325145] cloud-init[974]: Your identification has been saved in /etc/ssh/ssh_host_ecdsa_key.
[[0;32m  OK  [0m] Started Authenticate and Authorize Users to Run Privileged Tasks.
[[0;32m  OK  [0m] Started Accounts Service.
[    8.325359] cloud-init[974]: Your public key has been saved in /etc/ssh/ssh_host_ecdsa_key.pub.
[    8.340590] cloud-init[974]: The key fingerprint is:
[    8.342574] cloud-init[974]: SHA256:rLGyQnb2H4kaJCQgXwKdnSwIvGZ6LfM/a/RzbjBWbFU root@ubuntu-xenial
[    8.345262] cloud-init[974]: The key's randomart image is:
[    8.346820] cloud-init[974]: +---[ECDSA 256]---+
[    8.360199] cloud-init[974]: |B+.+..       .E  |
[    8.364406] cloud-init[974]: |+o+o+       .    |
[    8.367116] cloud-init[974]: |. +.     . .     |
[    8.369822] cloud-init[974]: | *     .  +      |
[[0;32m  OK  [0m] Started LSB: automatic crash report generation.
[    8.380618] cloud-init[974]: |+ ... . So       |
[    8.386439] cloud-init[974]: |. *o+ .=+.       |
[    8.389165] cloud-init[974]: | + *oo+ooo       |
[    8.395103] [[0;32m  OK  [0m] Started LXD - container startup/shutdown.
cloud-init[974]: |  . .=+ o.o      |
[    8.402480] cloud-init[974]: |   .ooo+.=.      |
[    8.405204] cloud-init[974]: +----[SHA256]-----+
[    8.406847] cloud-init[974]: Generating public/private ed25519 key pair.
[    8.413410] cloud-init[974]: Your identification has been saved in /etc/ssh/ssh_host_ed25519_key.
[    8.417138] cloud-init[974]: Your public key has been saved in /etc/ssh/ssh_host_ed25519_key.pub.
[    8.420277] cloud-init[974]: The key fingerprint is:
[    8.425429] cloud-init[974]: SHA256:+DwwlwKjl4aE8aIH9dOi2rYbAS3fX9LC3dO1Wr7mMR8 root@ubuntu-xenial
[    8.434361] cloud-init[974]: The key's randomart image is:
[    8.440641] cloud-init[974]: +--[ED25519 256]--+
[    8.447370] cloud-init[974]: |. .              |
[    8.448862] cloud-init[974]: | * . .           |
[[0;32m  OK  [0m] Started Virtualbox guest utils.
[    8.452590] cloud-init[974]: |* + * .       .  |
[    8.460427] cloud-init[974]: |.B = B + o . . . |
[    8.465744] cloud-init[974]: |. B = O S o . o  |
[    8.472908] cloud-init[974]: | + + . @   . +   |
[    8.476373] cloud-init[974]: |. +   . +   . +E |
[    8.484595] cloud-init[974]: | . o     .    .=.|
[    8.489705] cloud-init[974]: |  o.         oo .|
[    8.490840] cloud-init[974]: +----[SHA256]-----+
[[0;32m  OK  [0m] Started Snap Daemon.
         Starting Wait until snapd is fully seeded...
[[0;32m  OK  [0m] Started Pollinate to seed the pseudo random number generator.
         Starting OpenBSD Secure Shell server...
[[0;32m  OK  [0m] Started OpenBSD Secure Shell server.
[[0;32m  OK  [0m] Started Wait until snapd is fully seeded.
         Starting Apply the settings specified in cloud-config...
[[0;32m  OK  [0m] Reached target Multi-User System.
[[0;32m  OK  [0m] Reached target Graphical Interface.
         Starting Update UTMP about System Runlevel Changes...
[[0;32m  OK  [0m] Started Update UTMP about System Runlevel Changes.
[   11.064681] cloud-init[1328]: Generating locales (this might take a while)...
[[0;32m  OK  [0m] Created slice User Slice of vagrant.
         Starting User Manager for UID 1000...
[[0;32m  OK  [0m] Started Session 1 of user vagrant.
[[0;32m  OK  [0m] Started User Manager for UID 1000.
[   11.869617] cloud-init[1328]:   en_US.UTF-8... done
[   11.872472] cloud-init[1328]: Generation complete.
[   12.411445] cloud-init[1328]: Cloud-init v. 21.1-19-gbad84ad4-0ubuntu1~16.04.2 running 'modules:config' at Tue, 26 Mar 2024 14:56:25 +0000. Up 10.97 seconds.
[[0;32m  OK  [0m] Started Apply the settings specified in cloud-config.
         Starting Execute cloud user/final scripts...
ci-info: no authorized SSH keys fingerprints found for user ubuntu.
<14>Mar 26 14:56:28 ec2: 
<14>Mar 26 14:56:28 ec2: #############################################################
<14>Mar 26 14:56:28 ec2: -----BEGIN SSH HOST KEY FINGERPRINTS-----
<14>Mar 26 14:56:28 ec2: 1024 SHA256:y0T43ESWBZSEum6tSB3Fa4SPy0+Vf0uArJJ1ggKVbFs root@ubuntu-xenial (DSA)
<14>Mar 26 14:56:28 ec2: 256 SHA256:rLGyQnb2H4kaJCQgXwKdnSwIvGZ6LfM/a/RzbjBWbFU root@ubuntu-xenial (ECDSA)
<14>Mar 26 14:56:28 ec2: 256 SHA256:+DwwlwKjl4aE8aIH9dOi2rYbAS3fX9LC3dO1Wr7mMR8 root@ubuntu-xenial (ED25519)
<14>Mar 26 14:56:28 ec2: 2048 SHA256:C9SFQEUe2WnVGz5zeabyFQyLZ2RXXxkXERqcBSc9d/0 root@ubuntu-xenial (RSA)
<14>Mar 26 14:56:28 ec2: -----END SSH HOST KEY FINGERPRINTS-----
<14>Mar 26 14:56:28 ec2: #############################################################
-----BEGIN SSH HOST KEY KEYS-----
ecdsa-sha2-nistp256 AAAAE2VjZHNhLXNoYTItbmlzdHAyNTYAAAAIbmlzdHAyNTYAAABBBNnCHfq0VP8guXM3+zg3viZ9LSr8k87T4p4nPtTdl/rffaQQoSvdrVn0J+cokB03opDURn493kS7zCsK+PjcwsY= root@ubuntu-xenial
ssh-ed25519 AAAAC3NzaC1lZDI1NTE5AAAAIPXUHe4uNJEdPKrWFTCBGpbhTsN0T7bA7neOn9EIdM/P root@ubuntu-xenial
ssh-rsa AAAAB3NzaC1yc2EAAAADAQABAAABAQDod8sTER4vaX873eMtXoqG158d2mk6Cgdn99oiW+nr1FY3eAU7cw4b/cuTX/UH68lr1AflHt1clrVcrNuhU+lKP2tfHmxs4+UJcpJ1K1/uVqFsAI97ZKLbOvWpDhdn5QK/r8d3/T0efNe2RLWUhsV+U/L8IYR76QiwSeQhl0A99LNB8uhJWU3sRWn1eqidpATllbvXFQThbar6Vw1QeHm8BxoiBq4Q2RgnjwQSMc/qTj1KgOW+ZrzN+9i3jhoOL/I25uXpBEeSc/cPVGUsx3UNDP7xnoxnF7T6Ioa9VOpsZGhyvN2BreIV/Z3fFMdZAeg14JLSXT8YKdC0t29Q8XpV root@ubuntu-xenial
-----END SSH HOST KEY KEYS-----
[   13.341039] cloud-init[1447]: Cloud-init v. 21.1-19-gbad84ad4-0ubuntu1~16.04.2 running 'modules:final' at Tue, 26 Mar 2024 14:56:27 +0000. Up 13.08 seconds.
[   13.343010] cloud-init[1447]: ci-info: no authorized SSH keys fingerprints found for user ubuntu.
[   13.356620] cloud-init[1447]: Cloud-init v. 21.1-19-gbad84ad4-0ubuntu1~16.04.2 finished at Tue, 26 Mar 2024 14:56:28 +0000. Datasource DataSourceNoCloud [seed=/dev/sdb][dsmode=net].  Up 13.32 seconds

Ubuntu 16.04.7 LTS ubuntu-xenial ttyS0

ubuntu-xenial login: 